{
	"/Users/giovannaaveiro/FEWD/FAC/student-project/Bechdel-Beyond/src/components/MenuAppBar.js": {
		"path": "/Users/giovannaaveiro/FEWD/FAC/student-project/Bechdel-Beyond/src/components/MenuAppBar.js",
		"statementMap": {
			"0": {
				"start": {
					"line": 20,
					"column": 20
				},
				"end": {
					"line": 20,
					"column": 23
				}
			},
			"1": {
				"start": {
					"line": 22,
					"column": 18
				},
				"end": {
					"line": 88,
					"column": 3
				}
			},
			"2": {
				"start": {
					"line": 22,
					"column": 41
				},
				"end": {
					"line": 88,
					"column": 1
				}
			},
			"3": {
				"start": {
					"line": 96,
					"column": 17
				},
				"end": {
					"line": 96,
					"column": 28
				}
			},
			"4": {
				"start": {
					"line": 97,
					"column": 17
				},
				"end": {
					"line": 97,
					"column": 29
				}
			},
			"5": {
				"start": {
					"line": 98,
					"column": 15
				},
				"end": {
					"line": 98,
					"column": 25
				}
			},
			"6": {
				"start": {
					"line": 99,
					"column": 25
				},
				"end": {
					"line": 99,
					"column": 46
				}
			},
			"7": {
				"start": {
					"line": 100,
					"column": 33
				},
				"end": {
					"line": 100,
					"column": 51
				}
			},
			"8": {
				"start": {
					"line": 102,
					"column": 26
				},
				"end": {
					"line": 104,
					"column": 2
				}
			},
			"9": {
				"start": {
					"line": 103,
					"column": 2
				},
				"end": {
					"line": 103,
					"column": 16
				}
			},
			"10": {
				"start": {
					"line": 106,
					"column": 27
				},
				"end": {
					"line": 108,
					"column": 2
				}
			},
			"11": {
				"start": {
					"line": 107,
					"column": 2
				},
				"end": {
					"line": 107,
					"column": 17
				}
			},
			"12": {
				"start": {
					"line": 110,
					"column": 23
				},
				"end": {
					"line": 115,
					"column": 2
				}
			},
			"13": {
				"start": {
					"line": 111,
					"column": 2
				},
				"end": {
					"line": 111,
					"column": 22
				}
			},
			"14": {
				"start": {
					"line": 112,
					"column": 2
				},
				"end": {
					"line": 112,
					"column": 49
				}
			},
			"15": {
				"start": {
					"line": 113,
					"column": 2
				},
				"end": {
					"line": 113,
					"column": 21
				}
			},
			"16": {
				"start": {
					"line": 114,
					"column": 2
				},
				"end": {
					"line": 114,
					"column": 20
				}
			},
			"17": {
				"start": {
					"line": 117,
					"column": 1
				},
				"end": {
					"line": 149,
					"column": 16
				}
			},
			"18": {
				"start": {
					"line": 118,
					"column": 2
				},
				"end": {
					"line": 148,
					"column": 3
				}
			},
			"19": {
				"start": {
					"line": 119,
					"column": 3
				},
				"end": {
					"line": 128,
					"column": 6
				}
			},
			"20": {
				"start": {
					"line": 130,
					"column": 3
				},
				"end": {
					"line": 147,
					"column": 6
				}
			},
			"21": {
				"start": {
					"line": 151,
					"column": 1
				},
				"end": {
					"line": 237,
					"column": 3
				}
			},
			"22": {
				"start": {
					"line": 209,
					"column": 6
				},
				"end": {
					"line": 222,
					"column": 17
				}
			},
			"23": {
				"start": {
					"line": 211,
					"column": 8
				},
				"end": {
					"line": 211,
					"column": 28
				}
			},
			"24": {
				"start": {
					"line": 212,
					"column": 8
				},
				"end": {
					"line": 212,
					"column": 35
				}
			}
		},
		"fnMap": {
			"0": {
				"name": "(anonymous_0)",
				"decl": {
					"start": {
						"line": 22,
						"column": 29
					},
					"end": {
						"line": 22,
						"column": 30
					}
				},
				"loc": {
					"start": {
						"line": 22,
						"column": 41
					},
					"end": {
						"line": 88,
						"column": 1
					}
				},
				"line": 22
			},
			"1": {
				"name": "Navbar",
				"decl": {
					"start": {
						"line": 90,
						"column": 24
					},
					"end": {
						"line": 90,
						"column": 30
					}
				},
				"loc": {
					"start": {
						"line": 95,
						"column": 3
					},
					"end": {
						"line": 238,
						"column": 1
					}
				},
				"line": 95
			},
			"2": {
				"name": "(anonymous_2)",
				"decl": {
					"start": {
						"line": 102,
						"column": 26
					},
					"end": {
						"line": 102,
						"column": 27
					}
				},
				"loc": {
					"start": {
						"line": 102,
						"column": 32
					},
					"end": {
						"line": 104,
						"column": 2
					}
				},
				"line": 102
			},
			"3": {
				"name": "(anonymous_3)",
				"decl": {
					"start": {
						"line": 106,
						"column": 27
					},
					"end": {
						"line": 106,
						"column": 28
					}
				},
				"loc": {
					"start": {
						"line": 106,
						"column": 33
					},
					"end": {
						"line": 108,
						"column": 2
					}
				},
				"line": 106
			},
			"4": {
				"name": "(anonymous_4)",
				"decl": {
					"start": {
						"line": 110,
						"column": 23
					},
					"end": {
						"line": 110,
						"column": 24
					}
				},
				"loc": {
					"start": {
						"line": 110,
						"column": 29
					},
					"end": {
						"line": 115,
						"column": 2
					}
				},
				"line": 110
			},
			"5": {
				"name": "(anonymous_5)",
				"decl": {
					"start": {
						"line": 117,
						"column": 17
					},
					"end": {
						"line": 117,
						"column": 18
					}
				},
				"loc": {
					"start": {
						"line": 117,
						"column": 23
					},
					"end": {
						"line": 149,
						"column": 2
					}
				},
				"line": 117
			},
			"6": {
				"name": "(anonymous_6)",
				"decl": {
					"start": {
						"line": 208,
						"column": 19
					},
					"end": {
						"line": 208,
						"column": 20
					}
				},
				"loc": {
					"start": {
						"line": 209,
						"column": 6
					},
					"end": {
						"line": 222,
						"column": 17
					}
				},
				"line": 209
			},
			"7": {
				"name": "(anonymous_7)",
				"decl": {
					"start": {
						"line": 210,
						"column": 16
					},
					"end": {
						"line": 210,
						"column": 17
					}
				},
				"loc": {
					"start": {
						"line": 210,
						"column": 22
					},
					"end": {
						"line": 213,
						"column": 8
					}
				},
				"line": 210
			}
		},
		"branchMap": {
			"0": {
				"loc": {
					"start": {
						"line": 118,
						"column": 2
					},
					"end": {
						"line": 148,
						"column": 3
					}
				},
				"type": "if",
				"locations": [
					{
						"start": {
							"line": 118,
							"column": 2
						},
						"end": {
							"line": 148,
							"column": 3
						}
					},
					{
						"start": {
							"line": 118,
							"column": 2
						},
						"end": {
							"line": 148,
							"column": 3
						}
					}
				],
				"line": 118
			},
			"1": {
				"loc": {
					"start": {
						"line": 167,
						"column": 42
					},
					"end": {
						"line": 167,
						"column": 62
					}
				},
				"type": "binary-expr",
				"locations": [
					{
						"start": {
							"line": 167,
							"column": 42
						},
						"end": {
							"line": 167,
							"column": 46
						}
					},
					{
						"start": {
							"line": 167,
							"column": 50
						},
						"end": {
							"line": 167,
							"column": 62
						}
					}
				],
				"line": 167
			},
			"2": {
				"loc": {
					"start": {
						"line": 200,
						"column": 7
					},
					"end": {
						"line": 204,
						"column": 7
					}
				},
				"type": "cond-expr",
				"locations": [
					{
						"start": {
							"line": 201,
							"column": 7
						},
						"end": {
							"line": 201,
							"column": 26
						}
					},
					{
						"start": {
							"line": 203,
							"column": 7
						},
						"end": {
							"line": 203,
							"column": 27
						}
					}
				],
				"line": 200
			},
			"3": {
				"loc": {
					"start": {
						"line": 225,
						"column": 5
					},
					"end": {
						"line": 234,
						"column": 12
					}
				},
				"type": "cond-expr",
				"locations": [
					{
						"start": {
							"line": 226,
							"column": 5
						},
						"end": {
							"line": 233,
							"column": 8
						}
					},
					{
						"start": {
							"line": 234,
							"column": 8
						},
						"end": {
							"line": 234,
							"column": 12
						}
					}
				],
				"line": 225
			}
		},
		"s": {
			"0": 3,
			"1": 3,
			"2": 3,
			"3": 9,
			"4": 9,
			"5": 9,
			"6": 9,
			"7": 9,
			"8": 9,
			"9": 0,
			"10": 9,
			"11": 0,
			"12": 9,
			"13": 0,
			"14": 0,
			"15": 0,
			"16": 0,
			"17": 9,
			"18": 3,
			"19": 0,
			"20": 3,
			"21": 9,
			"22": 24,
			"23": 0,
			"24": 0
		},
		"f": {
			"0": 3,
			"1": 9,
			"2": 0,
			"3": 0,
			"4": 0,
			"5": 3,
			"6": 24,
			"7": 0
		},
		"b": {
			"0": [0, 3],
			"1": [9, 0],
			"2": [9, 0],
			"3": [0, 9]
		},
		"_coverageSchema": "43e27e138ebf9cfc5966b082cf9a028302ed4184",
		"hash": "e4563def9dd1ae8a4ed852ca3ad2b924f6436bac"
	},
	"/Users/giovannaaveiro/FEWD/FAC/student-project/Bechdel-Beyond/src/components/Home/AllFilms.js": {
		"path": "/Users/giovannaaveiro/FEWD/FAC/student-project/Bechdel-Beyond/src/components/Home/AllFilms.js",
		"statementMap": {
			"0": {
				"start": {
					"line": 18,
					"column": 18
				},
				"end": {
					"line": 74,
					"column": 3
				}
			},
			"1": {
				"start": {
					"line": 18,
					"column": 41
				},
				"end": {
					"line": 74,
					"column": 1
				}
			},
			"2": {
				"start": {
					"line": 77,
					"column": 37
				},
				"end": {
					"line": 77,
					"column": 55
				}
			},
			"3": {
				"start": {
					"line": 78,
					"column": 43
				},
				"end": {
					"line": 78,
					"column": 61
				}
			},
			"4": {
				"start": {
					"line": 79,
					"column": 17
				},
				"end": {
					"line": 79,
					"column": 28
				}
			},
			"5": {
				"start": {
					"line": 80,
					"column": 1
				},
				"end": {
					"line": 95,
					"column": 28
				}
			},
			"6": {
				"start": {
					"line": 81,
					"column": 2
				},
				"end": {
					"line": 94,
					"column": 3
				}
			},
			"7": {
				"start": {
					"line": 82,
					"column": 3
				},
				"end": {
					"line": 82,
					"column": 30
				}
			},
			"8": {
				"start": {
					"line": 84,
					"column": 23
				},
				"end": {
					"line": 91,
					"column": 5
				}
			},
			"9": {
				"start": {
					"line": 85,
					"column": 4
				},
				"end": {
					"line": 90,
					"column": 5
				}
			},
			"10": {
				"start": {
					"line": 86,
					"column": 5
				},
				"end": {
					"line": 86,
					"column": 17
				}
			},
			"11": {
				"start": {
					"line": 88,
					"column": 5
				},
				"end": {
					"line": 88,
					"column": 28
				}
			},
			"12": {
				"start": {
					"line": 89,
					"column": 5
				},
				"end": {
					"line": 89,
					"column": 17
				}
			},
			"13": {
				"start": {
					"line": 93,
					"column": 3
				},
				"end": {
					"line": 93,
					"column": 35
				}
			},
			"14": {
				"start": {
					"line": 97,
					"column": 1
				},
				"end": {
					"line": 97,
					"column": 28
				}
			},
			"15": {
				"start": {
					"line": 97,
					"column": 16
				},
				"end": {
					"line": 97,
					"column": 28
				}
			},
			"16": {
				"start": {
					"line": 98,
					"column": 1
				},
				"end": {
					"line": 98,
					"column": 23
				}
			},
			"17": {
				"start": {
					"line": 99,
					"column": 20
				},
				"end": {
					"line": 104,
					"column": 2
				}
			},
			"18": {
				"start": {
					"line": 100,
					"column": 2
				},
				"end": {
					"line": 102,
					"column": 3
				}
			},
			"19": {
				"start": {
					"line": 101,
					"column": 3
				},
				"end": {
					"line": 101,
					"column": 96
				}
			},
			"20": {
				"start": {
					"line": 103,
					"column": 2
				},
				"end": {
					"line": 103,
					"column": 16
				}
			},
			"21": {
				"start": {
					"line": 106,
					"column": 1
				},
				"end": {
					"line": 187,
					"column": 3
				}
			},
			"22": {
				"start": {
					"line": 112,
					"column": 22
				},
				"end": {
					"line": 112,
					"column": 40
				}
			},
			"23": {
				"start": {
					"line": 116,
					"column": 23
				},
				"end": {
					"line": 116,
					"column": 52
				}
			},
			"24": {
				"start": {
					"line": 137,
					"column": 7
				},
				"end": {
					"line": 181,
					"column": 14
				}
			}
		},
		"fnMap": {
			"0": {
				"name": "(anonymous_0)",
				"decl": {
					"start": {
						"line": 18,
						"column": 29
					},
					"end": {
						"line": 18,
						"column": 30
					}
				},
				"loc": {
					"start": {
						"line": 18,
						"column": 41
					},
					"end": {
						"line": 74,
						"column": 1
					}
				},
				"line": 18
			},
			"1": {
				"name": "AllFilms",
				"decl": {
					"start": {
						"line": 76,
						"column": 24
					},
					"end": {
						"line": 76,
						"column": 32
					}
				},
				"loc": {
					"start": {
						"line": 76,
						"column": 47
					},
					"end": {
						"line": 188,
						"column": 1
					}
				},
				"line": 76
			},
			"2": {
				"name": "(anonymous_2)",
				"decl": {
					"start": {
						"line": 80,
						"column": 17
					},
					"end": {
						"line": 80,
						"column": 18
					}
				},
				"loc": {
					"start": {
						"line": 80,
						"column": 23
					},
					"end": {
						"line": 95,
						"column": 2
					}
				},
				"line": 80
			},
			"3": {
				"name": "(anonymous_3)",
				"decl": {
					"start": {
						"line": 84,
						"column": 39
					},
					"end": {
						"line": 84,
						"column": 40
					}
				},
				"loc": {
					"start": {
						"line": 84,
						"column": 49
					},
					"end": {
						"line": 91,
						"column": 4
					}
				},
				"line": 84
			},
			"4": {
				"name": "(anonymous_4)",
				"decl": {
					"start": {
						"line": 99,
						"column": 20
					},
					"end": {
						"line": 99,
						"column": 21
					}
				},
				"loc": {
					"start": {
						"line": 99,
						"column": 32
					},
					"end": {
						"line": 104,
						"column": 2
					}
				},
				"line": 99
			},
			"5": {
				"name": "(anonymous_5)",
				"decl": {
					"start": {
						"line": 112,
						"column": 15
					},
					"end": {
						"line": 112,
						"column": 16
					}
				},
				"loc": {
					"start": {
						"line": 112,
						"column": 22
					},
					"end": {
						"line": 112,
						"column": 40
					}
				},
				"line": 112
			},
			"6": {
				"name": "(anonymous_6)",
				"decl": {
					"start": {
						"line": 116,
						"column": 16
					},
					"end": {
						"line": 116,
						"column": 17
					}
				},
				"loc": {
					"start": {
						"line": 116,
						"column": 23
					},
					"end": {
						"line": 116,
						"column": 52
					}
				},
				"line": 116
			},
			"7": {
				"name": "(anonymous_7)",
				"decl": {
					"start": {
						"line": 136,
						"column": 25
					},
					"end": {
						"line": 136,
						"column": 26
					}
				},
				"loc": {
					"start": {
						"line": 137,
						"column": 7
					},
					"end": {
						"line": 181,
						"column": 14
					}
				},
				"line": 137
			}
		},
		"branchMap": {
			"0": {
				"loc": {
					"start": {
						"line": 81,
						"column": 2
					},
					"end": {
						"line": 94,
						"column": 3
					}
				},
				"type": "if",
				"locations": [
					{
						"start": {
							"line": 81,
							"column": 2
						},
						"end": {
							"line": 94,
							"column": 3
						}
					},
					{
						"start": {
							"line": 81,
							"column": 2
						},
						"end": {
							"line": 94,
							"column": 3
						}
					}
				],
				"line": 81
			},
			"1": {
				"loc": {
					"start": {
						"line": 85,
						"column": 4
					},
					"end": {
						"line": 90,
						"column": 5
					}
				},
				"type": "if",
				"locations": [
					{
						"start": {
							"line": 85,
							"column": 4
						},
						"end": {
							"line": 90,
							"column": 5
						}
					},
					{
						"start": {
							"line": 85,
							"column": 4
						},
						"end": {
							"line": 90,
							"column": 5
						}
					}
				],
				"line": 85
			},
			"2": {
				"loc": {
					"start": {
						"line": 97,
						"column": 1
					},
					"end": {
						"line": 97,
						"column": 28
					}
				},
				"type": "if",
				"locations": [
					{
						"start": {
							"line": 97,
							"column": 1
						},
						"end": {
							"line": 97,
							"column": 28
						}
					},
					{
						"start": {
							"line": 97,
							"column": 1
						},
						"end": {
							"line": 97,
							"column": 28
						}
					}
				],
				"line": 97
			},
			"3": {
				"loc": {
					"start": {
						"line": 100,
						"column": 2
					},
					"end": {
						"line": 102,
						"column": 3
					}
				},
				"type": "if",
				"locations": [
					{
						"start": {
							"line": 100,
							"column": 2
						},
						"end": {
							"line": 102,
							"column": 3
						}
					},
					{
						"start": {
							"line": 100,
							"column": 2
						},
						"end": {
							"line": 102,
							"column": 3
						}
					}
				],
				"line": 100
			},
			"4": {
				"loc": {
					"start": {
						"line": 130,
						"column": 5
					},
					"end": {
						"line": 184,
						"column": 5
					}
				},
				"type": "cond-expr",
				"locations": [
					{
						"start": {
							"line": 131,
							"column": 5
						},
						"end": {
							"line": 133,
							"column": 18
						}
					},
					{
						"start": {
							"line": 135,
							"column": 5
						},
						"end": {
							"line": 183,
							"column": 8
						}
					}
				],
				"line": 130
			}
		},
		"s": {
			"0": 3,
			"1": 3,
			"2": 54,
			"3": 54,
			"4": 54,
			"5": 54,
			"6": 27,
			"7": 6,
			"8": 21,
			"9": 378,
			"10": 63,
			"11": 315,
			"12": 315,
			"13": 21,
			"14": 54,
			"15": 6,
			"16": 48,
			"17": 48,
			"18": 231,
			"19": 0,
			"20": 231,
			"21": 48,
			"22": 0,
			"23": 21,
			"24": 231
		},
		"f": {
			"0": 3,
			"1": 54,
			"2": 27,
			"3": 378,
			"4": 231,
			"5": 0,
			"6": 21,
			"7": 231
		},
		"b": {
			"0": [6, 21],
			"1": [63, 315],
			"2": [6, 48],
			"3": [0, 231],
			"4": [3, 45]
		},
		"_coverageSchema": "43e27e138ebf9cfc5966b082cf9a028302ed4184",
		"hash": "fa1b264f63bd18e528f8c6a395bb84932369a325"
	},
	"/Users/giovannaaveiro/FEWD/FAC/student-project/Bechdel-Beyond/src/components/UserTasks/Signup/Signup.js": {
		"path": "/Users/giovannaaveiro/FEWD/FAC/student-project/Bechdel-Beyond/src/components/UserTasks/Signup/Signup.js",
		"statementMap": {
			"0": {
				"start": {
					"line": 16,
					"column": 1
				},
				"end": {
					"line": 25,
					"column": 3
				}
			},
			"1": {
				"start": {
					"line": 28,
					"column": 18
				},
				"end": {
					"line": 46,
					"column": 3
				}
			},
			"2": {
				"start": {
					"line": 28,
					"column": 41
				},
				"end": {
					"line": 46,
					"column": 1
				}
			},
			"3": {
				"start": {
					"line": 49,
					"column": 17
				},
				"end": {
					"line": 49,
					"column": 28
				}
			},
			"4": {
				"start": {
					"line": 51,
					"column": 35
				},
				"end": {
					"line": 51,
					"column": 53
				}
			},
			"5": {
				"start": {
					"line": 52,
					"column": 37
				},
				"end": {
					"line": 52,
					"column": 55
				}
			},
			"6": {
				"start": {
					"line": 53,
					"column": 33
				},
				"end": {
					"line": 53,
					"column": 51
				}
			},
			"7": {
				"start": {
					"line": 54,
					"column": 41
				},
				"end": {
					"line": 54,
					"column": 59
				}
			},
			"8": {
				"start": {
					"line": 56,
					"column": 1
				},
				"end": {
					"line": 160,
					"column": 3
				}
			},
			"9": {
				"start": {
					"line": 69,
					"column": 6
				},
				"end": {
					"line": 69,
					"column": 37
				}
			},
			"10": {
				"start": {
					"line": 70,
					"column": 6
				},
				"end": {
					"line": 70,
					"column": 25
				}
			},
			"11": {
				"start": {
					"line": 71,
					"column": 6
				},
				"end": {
					"line": 91,
					"column": 9
				}
			},
			"12": {
				"start": {
					"line": 81,
					"column": 8
				},
				"end": {
					"line": 85,
					"column": 9
				}
			},
			"13": {
				"start": {
					"line": 82,
					"column": 9
				},
				"end": {
					"line": 82,
					"column": 32
				}
			},
			"14": {
				"start": {
					"line": 84,
					"column": 9
				},
				"end": {
					"line": 84,
					"column": 41
				}
			},
			"15": {
				"start": {
					"line": 89,
					"column": 9
				},
				"end": {
					"line": 89,
					"column": 64
				}
			},
			"16": {
				"start": {
					"line": 104,
					"column": 25
				},
				"end": {
					"line": 104,
					"column": 52
				}
			},
			"17": {
				"start": {
					"line": 118,
					"column": 25
				},
				"end": {
					"line": 118,
					"column": 53
				}
			},
			"18": {
				"start": {
					"line": 131,
					"column": 25
				},
				"end": {
					"line": 131,
					"column": 56
				}
			}
		},
		"fnMap": {
			"0": {
				"name": "Copyright",
				"decl": {
					"start": {
						"line": 15,
						"column": 9
					},
					"end": {
						"line": 15,
						"column": 18
					}
				},
				"loc": {
					"start": {
						"line": 15,
						"column": 21
					},
					"end": {
						"line": 26,
						"column": 1
					}
				},
				"line": 15
			},
			"1": {
				"name": "(anonymous_1)",
				"decl": {
					"start": {
						"line": 28,
						"column": 29
					},
					"end": {
						"line": 28,
						"column": 30
					}
				},
				"loc": {
					"start": {
						"line": 28,
						"column": 41
					},
					"end": {
						"line": 46,
						"column": 1
					}
				},
				"line": 28
			},
			"2": {
				"name": "Signup",
				"decl": {
					"start": {
						"line": 48,
						"column": 24
					},
					"end": {
						"line": 48,
						"column": 30
					}
				},
				"loc": {
					"start": {
						"line": 48,
						"column": 48
					},
					"end": {
						"line": 161,
						"column": 1
					}
				},
				"line": 48
			},
			"3": {
				"name": "(anonymous_3)",
				"decl": {
					"start": {
						"line": 68,
						"column": 15
					},
					"end": {
						"line": 68,
						"column": 16
					}
				},
				"loc": {
					"start": {
						"line": 68,
						"column": 22
					},
					"end": {
						"line": 92,
						"column": 6
					}
				},
				"line": 68
			},
			"4": {
				"name": "(anonymous_4)",
				"decl": {
					"start": {
						"line": 80,
						"column": 13
					},
					"end": {
						"line": 80,
						"column": 14
					}
				},
				"loc": {
					"start": {
						"line": 80,
						"column": 27
					},
					"end": {
						"line": 86,
						"column": 8
					}
				},
				"line": 80
			},
			"5": {
				"name": "(anonymous_5)",
				"decl": {
					"start": {
						"line": 88,
						"column": 8
					},
					"end": {
						"line": 88,
						"column": 9
					}
				},
				"loc": {
					"start": {
						"line": 89,
						"column": 9
					},
					"end": {
						"line": 89,
						"column": 64
					}
				},
				"line": 89
			},
			"6": {
				"name": "(anonymous_6)",
				"decl": {
					"start": {
						"line": 104,
						"column": 18
					},
					"end": {
						"line": 104,
						"column": 19
					}
				},
				"loc": {
					"start": {
						"line": 104,
						"column": 25
					},
					"end": {
						"line": 104,
						"column": 52
					}
				},
				"line": 104
			},
			"7": {
				"name": "(anonymous_7)",
				"decl": {
					"start": {
						"line": 118,
						"column": 18
					},
					"end": {
						"line": 118,
						"column": 19
					}
				},
				"loc": {
					"start": {
						"line": 118,
						"column": 25
					},
					"end": {
						"line": 118,
						"column": 53
					}
				},
				"line": 118
			},
			"8": {
				"name": "(anonymous_8)",
				"decl": {
					"start": {
						"line": 131,
						"column": 18
					},
					"end": {
						"line": 131,
						"column": 19
					}
				},
				"loc": {
					"start": {
						"line": 131,
						"column": 25
					},
					"end": {
						"line": 131,
						"column": 56
					}
				},
				"line": 131
			}
		},
		"branchMap": {
			"0": {
				"loc": {
					"start": {
						"line": 81,
						"column": 8
					},
					"end": {
						"line": 85,
						"column": 9
					}
				},
				"type": "if",
				"locations": [
					{
						"start": {
							"line": 81,
							"column": 8
						},
						"end": {
							"line": 85,
							"column": 9
						}
					},
					{
						"start": {
							"line": 81,
							"column": 8
						},
						"end": {
							"line": 85,
							"column": 9
						}
					}
				],
				"line": 81
			},
			"1": {
				"loc": {
					"start": {
						"line": 145,
						"column": 7
					},
					"end": {
						"line": 145,
						"column": 68
					}
				},
				"type": "cond-expr",
				"locations": [
					{
						"start": {
							"line": 145,
							"column": 32
						},
						"end": {
							"line": 145,
							"column": 55
						}
					},
					{
						"start": {
							"line": 145,
							"column": 58
						},
						"end": {
							"line": 145,
							"column": 68
						}
					}
				],
				"line": 145
			}
		},
		"s": {
			"0": 0,
			"1": 3,
			"2": 0,
			"3": 0,
			"4": 0,
			"5": 0,
			"6": 0,
			"7": 0,
			"8": 0,
			"9": 0,
			"10": 0,
			"11": 0,
			"12": 0,
			"13": 0,
			"14": 0,
			"15": 0,
			"16": 0,
			"17": 0,
			"18": 0
		},
		"f": {
			"0": 0,
			"1": 0,
			"2": 0,
			"3": 0,
			"4": 0,
			"5": 0,
			"6": 0,
			"7": 0,
			"8": 0
		},
		"b": {
			"0": [0, 0],
			"1": [0, 0]
		},
		"_coverageSchema": "43e27e138ebf9cfc5966b082cf9a028302ed4184",
		"hash": "c1e284e0eeb07b193774d77b622c1da8c2209419"
	},
	"/Users/giovannaaveiro/FEWD/FAC/student-project/Bechdel-Beyond/src/utils/bechdelScore.js": {
		"path": "/Users/giovannaaveiro/FEWD/FAC/student-project/Bechdel-Beyond/src/utils/bechdelScore.js",
		"statementMap": {
			"0": {
				"start": {
					"line": 2,
					"column": 21
				},
				"end": {
					"line": 2,
					"column": 23
				}
			},
			"1": {
				"start": {
					"line": 3,
					"column": 21
				},
				"end": {
					"line": 3,
					"column": 23
				}
			},
			"2": {
				"start": {
					"line": 4,
					"column": 21
				},
				"end": {
					"line": 4,
					"column": 23
				}
			},
			"3": {
				"start": {
					"line": 5,
					"column": 23
				},
				"end": {
					"line": 5,
					"column": 25
				}
			},
			"4": {
				"start": {
					"line": 7,
					"column": 1
				},
				"end": {
					"line": 12,
					"column": 4
				}
			},
			"5": {
				"start": {
					"line": 8,
					"column": 2
				},
				"end": {
					"line": 8,
					"column": 35
				}
			},
			"6": {
				"start": {
					"line": 9,
					"column": 2
				},
				"end": {
					"line": 9,
					"column": 35
				}
			},
			"7": {
				"start": {
					"line": 10,
					"column": 2
				},
				"end": {
					"line": 10,
					"column": 35
				}
			},
			"8": {
				"start": {
					"line": 11,
					"column": 2
				},
				"end": {
					"line": 11,
					"column": 12
				}
			},
			"9": {
				"start": {
					"line": 14,
					"column": 14
				},
				"end": {
					"line": 14,
					"column": 15
				}
			},
			"10": {
				"start": {
					"line": 15,
					"column": 15
				},
				"end": {
					"line": 15,
					"column": 16
				}
			},
			"11": {
				"start": {
					"line": 16,
					"column": 2
				},
				"end": {
					"line": 22,
					"column": 3
				}
			},
			"12": {
				"start": {
					"line": 16,
					"column": 15
				},
				"end": {
					"line": 16,
					"column": 16
				}
			},
			"13": {
				"start": {
					"line": 17,
					"column": 3
				},
				"end": {
					"line": 20,
					"column": 4
				}
			},
			"14": {
				"start": {
					"line": 18,
					"column": 4
				},
				"end": {
					"line": 18,
					"column": 12
				}
			},
			"15": {
				"start": {
					"line": 19,
					"column": 4
				},
				"end": {
					"line": 19,
					"column": 13
				}
			},
			"16": {
				"start": {
					"line": 21,
					"column": 3
				},
				"end": {
					"line": 21,
					"column": 12
				}
			},
			"17": {
				"start": {
					"line": 23,
					"column": 2
				},
				"end": {
					"line": 27,
					"column": 3
				}
			},
			"18": {
				"start": {
					"line": 24,
					"column": 3
				},
				"end": {
					"line": 24,
					"column": 28
				}
			},
			"19": {
				"start": {
					"line": 26,
					"column": 3
				},
				"end": {
					"line": 26,
					"column": 29
				}
			},
			"20": {
				"start": {
					"line": 30,
					"column": 1
				},
				"end": {
					"line": 30,
					"column": 29
				}
			},
			"21": {
				"start": {
					"line": 31,
					"column": 1
				},
				"end": {
					"line": 31,
					"column": 29
				}
			},
			"22": {
				"start": {
					"line": 32,
					"column": 1
				},
				"end": {
					"line": 32,
					"column": 29
				}
			},
			"23": {
				"start": {
					"line": 34,
					"column": 1
				},
				"end": {
					"line": 38,
					"column": 2
				}
			},
			"24": {
				"start": {
					"line": 35,
					"column": 2
				},
				"end": {
					"line": 35,
					"column": 31
				}
			},
			"25": {
				"start": {
					"line": 37,
					"column": 2
				},
				"end": {
					"line": 37,
					"column": 31
				}
			}
		},
		"fnMap": {
			"0": {
				"name": "calculateBechdel",
				"decl": {
					"start": {
						"line": 1,
						"column": 24
					},
					"end": {
						"line": 1,
						"column": 40
					}
				},
				"loc": {
					"start": {
						"line": 1,
						"column": 53
					},
					"end": {
						"line": 39,
						"column": 1
					}
				},
				"line": 1
			},
			"1": {
				"name": "(anonymous_1)",
				"decl": {
					"start": {
						"line": 7,
						"column": 16
					},
					"end": {
						"line": 7,
						"column": 17
					}
				},
				"loc": {
					"start": {
						"line": 7,
						"column": 26
					},
					"end": {
						"line": 12,
						"column": 2
					}
				},
				"line": 7
			},
			"2": {
				"name": "bechdelAverage",
				"decl": {
					"start": {
						"line": 13,
						"column": 10
					},
					"end": {
						"line": 13,
						"column": 24
					}
				},
				"loc": {
					"start": {
						"line": 13,
						"column": 30
					},
					"end": {
						"line": 28,
						"column": 2
					}
				},
				"line": 13
			}
		},
		"branchMap": {
			"0": {
				"loc": {
					"start": {
						"line": 17,
						"column": 3
					},
					"end": {
						"line": 20,
						"column": 4
					}
				},
				"type": "if",
				"locations": [
					{
						"start": {
							"line": 17,
							"column": 3
						},
						"end": {
							"line": 20,
							"column": 4
						}
					},
					{
						"start": {
							"line": 17,
							"column": 3
						},
						"end": {
							"line": 20,
							"column": 4
						}
					}
				],
				"line": 17
			},
			"1": {
				"loc": {
					"start": {
						"line": 23,
						"column": 2
					},
					"end": {
						"line": 27,
						"column": 3
					}
				},
				"type": "if",
				"locations": [
					{
						"start": {
							"line": 23,
							"column": 2
						},
						"end": {
							"line": 27,
							"column": 3
						}
					},
					{
						"start": {
							"line": 23,
							"column": 2
						},
						"end": {
							"line": 27,
							"column": 3
						}
					}
				],
				"line": 23
			},
			"2": {
				"loc": {
					"start": {
						"line": 34,
						"column": 1
					},
					"end": {
						"line": 38,
						"column": 2
					}
				},
				"type": "if",
				"locations": [
					{
						"start": {
							"line": 34,
							"column": 1
						},
						"end": {
							"line": 38,
							"column": 2
						}
					},
					{
						"start": {
							"line": 34,
							"column": 1
						},
						"end": {
							"line": 38,
							"column": 2
						}
					}
				],
				"line": 34
			}
		},
		"s": {
			"0": 3,
			"1": 3,
			"2": 3,
			"3": 3,
			"4": 3,
			"5": 6,
			"6": 6,
			"7": 6,
			"8": 6,
			"9": 9,
			"10": 9,
			"11": 9,
			"12": 9,
			"13": 18,
			"14": 18,
			"15": 18,
			"16": 0,
			"17": 9,
			"18": 9,
			"19": 0,
			"20": 3,
			"21": 3,
			"22": 3,
			"23": 3,
			"24": 0,
			"25": 3
		},
		"f": {
			"0": 3,
			"1": 6,
			"2": 9
		},
		"b": {
			"0": [18, 0],
			"1": [9, 0],
			"2": [0, 3]
		},
		"_coverageSchema": "43e27e138ebf9cfc5966b082cf9a028302ed4184",
		"hash": "cb1e5ef7884415e976923068ff73577e3c9f10db"
	},
	"/Users/giovannaaveiro/FEWD/FAC/student-project/Bechdel-Beyond/src/utils/beyondScore.js": {
		"path": "/Users/giovannaaveiro/FEWD/FAC/student-project/Bechdel-Beyond/src/utils/beyondScore.js",
		"statementMap": {
			"0": {
				"start": {
					"line": 2,
					"column": 22
				},
				"end": {
					"line": 2,
					"column": 24
				}
			},
			"1": {
				"start": {
					"line": 3,
					"column": 1
				},
				"end": {
					"line": 3,
					"column": 58
				}
			},
			"2": {
				"start": {
					"line": 3,
					"column": 26
				},
				"end": {
					"line": 3,
					"column": 56
				}
			},
			"3": {
				"start": {
					"line": 4,
					"column": 1
				},
				"end": {
					"line": 4,
					"column": 77
				}
			},
			"4": {
				"start": {
					"line": 4,
					"column": 49
				},
				"end": {
					"line": 4,
					"column": 54
				}
			}
		},
		"fnMap": {
			"0": {
				"name": "calculateBeyond",
				"decl": {
					"start": {
						"line": 1,
						"column": 24
					},
					"end": {
						"line": 1,
						"column": 39
					}
				},
				"loc": {
					"start": {
						"line": 1,
						"column": 52
					},
					"end": {
						"line": 5,
						"column": 1
					}
				},
				"line": 1
			},
			"1": {
				"name": "(anonymous_1)",
				"decl": {
					"start": {
						"line": 3,
						"column": 16
					},
					"end": {
						"line": 3,
						"column": 17
					}
				},
				"loc": {
					"start": {
						"line": 3,
						"column": 26
					},
					"end": {
						"line": 3,
						"column": 56
					}
				},
				"line": 3
			},
			"2": {
				"name": "(anonymous_2)",
				"decl": {
					"start": {
						"line": 4,
						"column": 39
					},
					"end": {
						"line": 4,
						"column": 40
					}
				},
				"loc": {
					"start": {
						"line": 4,
						"column": 49
					},
					"end": {
						"line": 4,
						"column": 54
					}
				},
				"line": 4
			}
		},
		"branchMap": {},
		"s": {
			"0": 3,
			"1": 3,
			"2": 6,
			"3": 3,
			"4": 3
		},
		"f": {
			"0": 3,
			"1": 6,
			"2": 3
		},
		"b": {},
		"_coverageSchema": "43e27e138ebf9cfc5966b082cf9a028302ed4184",
		"hash": "c36951fa3a0304a0e4466921e10a8bf1675a40fe"
	},
	"/Users/giovannaaveiro/FEWD/FAC/student-project/Bechdel-Beyond/src/components/Movie/Movie/GetMovie.js": {
		"path": "/Users/giovannaaveiro/FEWD/FAC/student-project/Bechdel-Beyond/src/components/Movie/Movie/GetMovie.js",
		"statementMap": {
			"0": {
				"start": {
					"line": 8,
					"column": 18
				},
				"end": {
					"line": 32,
					"column": 3
				}
			},
			"1": {
				"start": {
					"line": 8,
					"column": 41
				},
				"end": {
					"line": 32,
					"column": 1
				}
			},
			"2": {
				"start": {
					"line": 35,
					"column": 17
				},
				"end": {
					"line": 35,
					"column": 28
				}
			},
			"3": {
				"start": {
					"line": 37,
					"column": 20
				},
				"end": {
					"line": 42,
					"column": 2
				}
			},
			"4": {
				"start": {
					"line": 38,
					"column": 2
				},
				"end": {
					"line": 40,
					"column": 3
				}
			},
			"5": {
				"start": {
					"line": 39,
					"column": 3
				},
				"end": {
					"line": 39,
					"column": 96
				}
			},
			"6": {
				"start": {
					"line": 41,
					"column": 2
				},
				"end": {
					"line": 41,
					"column": 16
				}
			},
			"7": {
				"start": {
					"line": 44,
					"column": 1
				},
				"end": {
					"line": 76,
					"column": 3
				}
			}
		},
		"fnMap": {
			"0": {
				"name": "(anonymous_0)",
				"decl": {
					"start": {
						"line": 8,
						"column": 29
					},
					"end": {
						"line": 8,
						"column": 30
					}
				},
				"loc": {
					"start": {
						"line": 8,
						"column": 41
					},
					"end": {
						"line": 32,
						"column": 1
					}
				},
				"line": 8
			},
			"1": {
				"name": "GetMovie",
				"decl": {
					"start": {
						"line": 34,
						"column": 24
					},
					"end": {
						"line": 34,
						"column": 32
					}
				},
				"loc": {
					"start": {
						"line": 34,
						"column": 60
					},
					"end": {
						"line": 77,
						"column": 1
					}
				},
				"line": 34
			},
			"2": {
				"name": "(anonymous_2)",
				"decl": {
					"start": {
						"line": 37,
						"column": 20
					},
					"end": {
						"line": 37,
						"column": 21
					}
				},
				"loc": {
					"start": {
						"line": 37,
						"column": 32
					},
					"end": {
						"line": 42,
						"column": 2
					}
				},
				"line": 37
			}
		},
		"branchMap": {
			"0": {
				"loc": {
					"start": {
						"line": 38,
						"column": 2
					},
					"end": {
						"line": 40,
						"column": 3
					}
				},
				"type": "if",
				"locations": [
					{
						"start": {
							"line": 38,
							"column": 2
						},
						"end": {
							"line": 40,
							"column": 3
						}
					},
					{
						"start": {
							"line": 38,
							"column": 2
						},
						"end": {
							"line": 40,
							"column": 3
						}
					}
				],
				"line": 38
			}
		},
		"s": {
			"0": 3,
			"1": 3,
			"2": 3,
			"3": 3,
			"4": 3,
			"5": 0,
			"6": 3,
			"7": 3
		},
		"f": {
			"0": 3,
			"1": 3,
			"2": 3
		},
		"b": {
			"0": [0, 3]
		},
		"_coverageSchema": "43e27e138ebf9cfc5966b082cf9a028302ed4184",
		"hash": "c4a2da98bdf55e132987edc848a061886b86540d"
	},
	"/Users/giovannaaveiro/FEWD/FAC/student-project/Bechdel-Beyond/src/components/Movie/MovieDetails/GetMovieDetails.js": {
		"path": "/Users/giovannaaveiro/FEWD/FAC/student-project/Bechdel-Beyond/src/components/Movie/MovieDetails/GetMovieDetails.js",
		"statementMap": {
			"0": {
				"start": {
					"line": 5,
					"column": 18
				},
				"end": {
					"line": 39,
					"column": 3
				}
			},
			"1": {
				"start": {
					"line": 5,
					"column": 41
				},
				"end": {
					"line": 39,
					"column": 1
				}
			},
			"2": {
				"start": {
					"line": 42,
					"column": 17
				},
				"end": {
					"line": 42,
					"column": 28
				}
			},
			"3": {
				"start": {
					"line": 44,
					"column": 1
				},
				"end": {
					"line": 44,
					"column": 41
				}
			},
			"4": {
				"start": {
					"line": 44,
					"column": 17
				},
				"end": {
					"line": 44,
					"column": 41
				}
			},
			"5": {
				"start": {
					"line": 45,
					"column": 1
				},
				"end": {
					"line": 67,
					"column": 3
				}
			}
		},
		"fnMap": {
			"0": {
				"name": "(anonymous_0)",
				"decl": {
					"start": {
						"line": 5,
						"column": 29
					},
					"end": {
						"line": 5,
						"column": 30
					}
				},
				"loc": {
					"start": {
						"line": 5,
						"column": 41
					},
					"end": {
						"line": 39,
						"column": 1
					}
				},
				"line": 5
			},
			"1": {
				"name": "GetMovieDetails",
				"decl": {
					"start": {
						"line": 41,
						"column": 24
					},
					"end": {
						"line": 41,
						"column": 39
					}
				},
				"loc": {
					"start": {
						"line": 41,
						"column": 70
					},
					"end": {
						"line": 68,
						"column": 1
					}
				},
				"line": 41
			}
		},
		"branchMap": {
			"0": {
				"loc": {
					"start": {
						"line": 44,
						"column": 1
					},
					"end": {
						"line": 44,
						"column": 41
					}
				},
				"type": "if",
				"locations": [
					{
						"start": {
							"line": 44,
							"column": 1
						},
						"end": {
							"line": 44,
							"column": 41
						}
					},
					{
						"start": {
							"line": 44,
							"column": 1
						},
						"end": {
							"line": 44,
							"column": 41
						}
					}
				],
				"line": 44
			}
		},
		"s": {
			"0": 3,
			"1": 3,
			"2": 3,
			"3": 3,
			"4": 0,
			"5": 3
		},
		"f": {
			"0": 3,
			"1": 3
		},
		"b": {
			"0": [0, 3]
		},
		"_coverageSchema": "43e27e138ebf9cfc5966b082cf9a028302ed4184",
		"hash": "706fbf35aecb5eb3e3508b38a7cee6f69290bc19"
	},
	"/Users/giovannaaveiro/FEWD/FAC/student-project/Bechdel-Beyond/src/utils/getData.js": {
		"path": "/Users/giovannaaveiro/FEWD/FAC/student-project/Bechdel-Beyond/src/utils/getData.js",
		"statementMap": {
			"0": {
				"start": {
					"line": 2,
					"column": 1
				},
				"end": {
					"line": 4,
					"column": 2
				}
			},
			"1": {
				"start": {
					"line": 3,
					"column": 2
				},
				"end": {
					"line": 3,
					"column": 59
				}
			},
			"2": {
				"start": {
					"line": 5,
					"column": 1
				},
				"end": {
					"line": 5,
					"column": 19
				}
			},
			"3": {
				"start": {
					"line": 9,
					"column": 1
				},
				"end": {
					"line": 13,
					"column": 5
				}
			},
			"4": {
				"start": {
					"line": 12,
					"column": 3
				},
				"end": {
					"line": 12,
					"column": 45
				}
			}
		},
		"fnMap": {
			"0": {
				"name": "checkResponse",
				"decl": {
					"start": {
						"line": 1,
						"column": 9
					},
					"end": {
						"line": 1,
						"column": 22
					}
				},
				"loc": {
					"start": {
						"line": 1,
						"column": 28
					},
					"end": {
						"line": 6,
						"column": 1
					}
				},
				"line": 1
			},
			"1": {
				"name": "getData",
				"decl": {
					"start": {
						"line": 8,
						"column": 24
					},
					"end": {
						"line": 8,
						"column": 31
					}
				},
				"loc": {
					"start": {
						"line": 8,
						"column": 42
					},
					"end": {
						"line": 14,
						"column": 1
					}
				},
				"line": 8
			},
			"2": {
				"name": "(anonymous_2)",
				"decl": {
					"start": {
						"line": 11,
						"column": 9
					},
					"end": {
						"line": 11,
						"column": 10
					}
				},
				"loc": {
					"start": {
						"line": 11,
						"column": 18
					},
					"end": {
						"line": 13,
						"column": 3
					}
				},
				"line": 11
			}
		},
		"branchMap": {
			"0": {
				"loc": {
					"start": {
						"line": 2,
						"column": 1
					},
					"end": {
						"line": 4,
						"column": 2
					}
				},
				"type": "if",
				"locations": [
					{
						"start": {
							"line": 2,
							"column": 1
						},
						"end": {
							"line": 4,
							"column": 2
						}
					},
					{
						"start": {
							"line": 2,
							"column": 1
						},
						"end": {
							"line": 4,
							"column": 2
						}
					}
				],
				"line": 2
			}
		},
		"s": {
			"0": 15,
			"1": 0,
			"2": 15,
			"3": 15,
			"4": 0
		},
		"f": {
			"0": 15,
			"1": 15,
			"2": 0
		},
		"b": {
			"0": [0, 15]
		},
		"_coverageSchema": "43e27e138ebf9cfc5966b082cf9a028302ed4184",
		"hash": "5c4ae6b1aaa56344c68f4e74c8e478d6416510c0"
	},
	"/Users/giovannaaveiro/FEWD/FAC/student-project/Bechdel-Beyond/src/components/Movie/MovieStats/GetMovieStats.js": {
		"path": "/Users/giovannaaveiro/FEWD/FAC/student-project/Bechdel-Beyond/src/components/Movie/MovieStats/GetMovieStats.js",
		"statementMap": {
			"0": {
				"start": {
					"line": 5,
					"column": 18
				},
				"end": {
					"line": 20,
					"column": 3
				}
			},
			"1": {
				"start": {
					"line": 5,
					"column": 41
				},
				"end": {
					"line": 20,
					"column": 1
				}
			},
			"2": {
				"start": {
					"line": 23,
					"column": 17
				},
				"end": {
					"line": 23,
					"column": 28
				}
			},
			"3": {
				"start": {
					"line": 25,
					"column": 1
				},
				"end": {
					"line": 25,
					"column": 46
				}
			},
			"4": {
				"start": {
					"line": 25,
					"column": 21
				},
				"end": {
					"line": 25,
					"column": 46
				}
			},
			"5": {
				"start": {
					"line": 26,
					"column": 1
				},
				"end": {
					"line": 41,
					"column": 3
				}
			},
			"6": {
				"start": {
					"line": 45,
					"column": 17
				},
				"end": {
					"line": 45,
					"column": 28
				}
			},
			"7": {
				"start": {
					"line": 47,
					"column": 1
				},
				"end": {
					"line": 47,
					"column": 45
				}
			},
			"8": {
				"start": {
					"line": 47,
					"column": 21
				},
				"end": {
					"line": 47,
					"column": 45
				}
			},
			"9": {
				"start": {
					"line": 49,
					"column": 1
				},
				"end": {
					"line": 64,
					"column": 3
				}
			}
		},
		"fnMap": {
			"0": {
				"name": "(anonymous_0)",
				"decl": {
					"start": {
						"line": 5,
						"column": 29
					},
					"end": {
						"line": 5,
						"column": 30
					}
				},
				"loc": {
					"start": {
						"line": 5,
						"column": 41
					},
					"end": {
						"line": 20,
						"column": 1
					}
				},
				"line": 5
			},
			"1": {
				"name": "GetMovieStatsCast",
				"decl": {
					"start": {
						"line": 22,
						"column": 16
					},
					"end": {
						"line": 22,
						"column": 33
					}
				},
				"loc": {
					"start": {
						"line": 22,
						"column": 53
					},
					"end": {
						"line": 42,
						"column": 1
					}
				},
				"line": 22
			},
			"2": {
				"name": "GetMovieStatsCrew",
				"decl": {
					"start": {
						"line": 44,
						"column": 16
					},
					"end": {
						"line": 44,
						"column": 33
					}
				},
				"loc": {
					"start": {
						"line": 44,
						"column": 53
					},
					"end": {
						"line": 65,
						"column": 1
					}
				},
				"line": 44
			}
		},
		"branchMap": {
			"0": {
				"loc": {
					"start": {
						"line": 25,
						"column": 1
					},
					"end": {
						"line": 25,
						"column": 46
					}
				},
				"type": "if",
				"locations": [
					{
						"start": {
							"line": 25,
							"column": 1
						},
						"end": {
							"line": 25,
							"column": 46
						}
					},
					{
						"start": {
							"line": 25,
							"column": 1
						},
						"end": {
							"line": 25,
							"column": 46
						}
					}
				],
				"line": 25
			},
			"1": {
				"loc": {
					"start": {
						"line": 47,
						"column": 1
					},
					"end": {
						"line": 47,
						"column": 45
					}
				},
				"type": "if",
				"locations": [
					{
						"start": {
							"line": 47,
							"column": 1
						},
						"end": {
							"line": 47,
							"column": 45
						}
					},
					{
						"start": {
							"line": 47,
							"column": 1
						},
						"end": {
							"line": 47,
							"column": 45
						}
					}
				],
				"line": 47
			}
		},
		"s": {
			"0": 3,
			"1": 3,
			"2": 3,
			"3": 3,
			"4": 0,
			"5": 3,
			"6": 3,
			"7": 3,
			"8": 0,
			"9": 3
		},
		"f": {
			"0": 3,
			"1": 3,
			"2": 3
		},
		"b": {
			"0": [0, 3],
			"1": [0, 3]
		},
		"_coverageSchema": "43e27e138ebf9cfc5966b082cf9a028302ed4184",
		"hash": "e2946f206a8fc1a9b5ee33f447e3d3428389a4ca"
	},
	"/Users/giovannaaveiro/FEWD/FAC/student-project/Bechdel-Beyond/src/components/Movie/MoviePage.js": {
		"path": "/Users/giovannaaveiro/FEWD/FAC/student-project/Bechdel-Beyond/src/components/Movie/MoviePage.js",
		"statementMap": {
			"0": {
				"start": {
					"line": 19,
					"column": 18
				},
				"end": {
					"line": 52,
					"column": 3
				}
			},
			"1": {
				"start": {
					"line": 19,
					"column": 41
				},
				"end": {
					"line": 52,
					"column": 1
				}
			},
			"2": {
				"start": {
					"line": 55,
					"column": 17
				},
				"end": {
					"line": 55,
					"column": 28
				}
			},
			"3": {
				"start": {
					"line": 56,
					"column": 35
				},
				"end": {
					"line": 56,
					"column": 53
				}
			},
			"4": {
				"start": {
					"line": 57,
					"column": 37
				},
				"end": {
					"line": 57,
					"column": 55
				}
			},
			"5": {
				"start": {
					"line": 58,
					"column": 43
				},
				"end": {
					"line": 58,
					"column": 61
				}
			},
			"6": {
				"start": {
					"line": 59,
					"column": 43
				},
				"end": {
					"line": 59,
					"column": 61
				}
			},
			"7": {
				"start": {
					"line": 61,
					"column": 1
				},
				"end": {
					"line": 72,
					"column": 14
				}
			},
			"8": {
				"start": {
					"line": 62,
					"column": 2
				},
				"end": {
					"line": 62,
					"column": 70
				}
			},
			"9": {
				"start": {
					"line": 62,
					"column": 50
				},
				"end": {
					"line": 62,
					"column": 68
				}
			},
			"10": {
				"start": {
					"line": 63,
					"column": 2
				},
				"end": {
					"line": 65,
					"column": 4
				}
			},
			"11": {
				"start": {
					"line": 64,
					"column": 3
				},
				"end": {
					"line": 64,
					"column": 22
				}
			},
			"12": {
				"start": {
					"line": 66,
					"column": 2
				},
				"end": {
					"line": 68,
					"column": 4
				}
			},
			"13": {
				"start": {
					"line": 67,
					"column": 3
				},
				"end": {
					"line": 67,
					"column": 25
				}
			},
			"14": {
				"start": {
					"line": 69,
					"column": 2
				},
				"end": {
					"line": 71,
					"column": 4
				}
			},
			"15": {
				"start": {
					"line": 70,
					"column": 3
				},
				"end": {
					"line": 70,
					"column": 25
				}
			},
			"16": {
				"start": {
					"line": 74,
					"column": 1
				},
				"end": {
					"line": 75,
					"column": 24
				}
			},
			"17": {
				"start": {
					"line": 75,
					"column": 2
				},
				"end": {
					"line": 75,
					"column": 24
				}
			},
			"18": {
				"start": {
					"line": 77,
					"column": 1
				},
				"end": {
					"line": 125,
					"column": 3
				}
			},
			"19": {
				"start": {
					"line": 116,
					"column": 7
				},
				"end": {
					"line": 119,
					"column": 13
				}
			}
		},
		"fnMap": {
			"0": {
				"name": "(anonymous_0)",
				"decl": {
					"start": {
						"line": 19,
						"column": 29
					},
					"end": {
						"line": 19,
						"column": 30
					}
				},
				"loc": {
					"start": {
						"line": 19,
						"column": 41
					},
					"end": {
						"line": 52,
						"column": 1
					}
				},
				"line": 19
			},
			"1": {
				"name": "MoviePage",
				"decl": {
					"start": {
						"line": 54,
						"column": 24
					},
					"end": {
						"line": 54,
						"column": 33
					}
				},
				"loc": {
					"start": {
						"line": 54,
						"column": 57
					},
					"end": {
						"line": 126,
						"column": 1
					}
				},
				"line": 54
			},
			"2": {
				"name": "(anonymous_2)",
				"decl": {
					"start": {
						"line": 61,
						"column": 17
					},
					"end": {
						"line": 61,
						"column": 18
					}
				},
				"loc": {
					"start": {
						"line": 61,
						"column": 23
					},
					"end": {
						"line": 72,
						"column": 2
					}
				},
				"line": 61
			},
			"3": {
				"name": "(anonymous_3)",
				"decl": {
					"start": {
						"line": 62,
						"column": 40
					},
					"end": {
						"line": 62,
						"column": 41
					}
				},
				"loc": {
					"start": {
						"line": 62,
						"column": 50
					},
					"end": {
						"line": 62,
						"column": 68
					}
				},
				"line": 62
			},
			"4": {
				"name": "(anonymous_4)",
				"decl": {
					"start": {
						"line": 63,
						"column": 48
					},
					"end": {
						"line": 63,
						"column": 49
					}
				},
				"loc": {
					"start": {
						"line": 64,
						"column": 3
					},
					"end": {
						"line": 64,
						"column": 22
					}
				},
				"line": 64
			},
			"5": {
				"name": "(anonymous_5)",
				"decl": {
					"start": {
						"line": 66,
						"column": 45
					},
					"end": {
						"line": 66,
						"column": 46
					}
				},
				"loc": {
					"start": {
						"line": 67,
						"column": 3
					},
					"end": {
						"line": 67,
						"column": 25
					}
				},
				"line": 67
			},
			"6": {
				"name": "(anonymous_6)",
				"decl": {
					"start": {
						"line": 69,
						"column": 45
					},
					"end": {
						"line": 69,
						"column": 46
					}
				},
				"loc": {
					"start": {
						"line": 70,
						"column": 3
					},
					"end": {
						"line": 70,
						"column": 25
					}
				},
				"line": 70
			},
			"7": {
				"name": "(anonymous_7)",
				"decl": {
					"start": {
						"line": 115,
						"column": 22
					},
					"end": {
						"line": 115,
						"column": 23
					}
				},
				"loc": {
					"start": {
						"line": 116,
						"column": 7
					},
					"end": {
						"line": 119,
						"column": 13
					}
				},
				"line": 116
			}
		},
		"branchMap": {
			"0": {
				"loc": {
					"start": {
						"line": 74,
						"column": 1
					},
					"end": {
						"line": 75,
						"column": 24
					}
				},
				"type": "if",
				"locations": [
					{
						"start": {
							"line": 74,
							"column": 1
						},
						"end": {
							"line": 75,
							"column": 24
						}
					},
					{
						"start": {
							"line": 74,
							"column": 1
						},
						"end": {
							"line": 75,
							"column": 24
						}
					}
				],
				"line": 74
			},
			"1": {
				"loc": {
					"start": {
						"line": 74,
						"column": 5
					},
					"end": {
						"line": 74,
						"column": 66
					}
				},
				"type": "binary-expr",
				"locations": [
					{
						"start": {
							"line": 74,
							"column": 5
						},
						"end": {
							"line": 74,
							"column": 15
						}
					},
					{
						"start": {
							"line": 74,
							"column": 19
						},
						"end": {
							"line": 74,
							"column": 30
						}
					},
					{
						"start": {
							"line": 74,
							"column": 34
						},
						"end": {
							"line": 74,
							"column": 48
						}
					},
					{
						"start": {
							"line": 74,
							"column": 52
						},
						"end": {
							"line": 74,
							"column": 66
						}
					}
				],
				"line": 74
			}
		},
		"s": {
			"0": 3,
			"1": 3,
			"2": 15,
			"3": 15,
			"4": 15,
			"5": 15,
			"6": 15,
			"7": 15,
			"8": 3,
			"9": 3,
			"10": 3,
			"11": 3,
			"12": 3,
			"13": 3,
			"14": 3,
			"15": 3,
			"16": 15,
			"17": 12,
			"18": 3,
			"19": 6
		},
		"f": {
			"0": 3,
			"1": 15,
			"2": 3,
			"3": 3,
			"4": 3,
			"5": 3,
			"6": 3,
			"7": 6
		},
		"b": {
			"0": [12, 3],
			"1": [15, 12, 9, 6]
		},
		"_coverageSchema": "43e27e138ebf9cfc5966b082cf9a028302ed4184",
		"hash": "187f0303c520d2951e0f25150c6b35435b3c4d2d"
	},
	"/Users/giovannaaveiro/FEWD/FAC/student-project/Bechdel-Beyond/src/components/UserTasks/Login/Login.js": {
		"path": "/Users/giovannaaveiro/FEWD/FAC/student-project/Bechdel-Beyond/src/components/UserTasks/Login/Login.js",
		"statementMap": {
			"0": {
				"start": {
					"line": 18,
					"column": 1
				},
				"end": {
					"line": 27,
					"column": 3
				}
			},
			"1": {
				"start": {
					"line": 30,
					"column": 18
				},
				"end": {
					"line": 48,
					"column": 3
				}
			},
			"2": {
				"start": {
					"line": 30,
					"column": 41
				},
				"end": {
					"line": 48,
					"column": 1
				}
			},
			"3": {
				"start": {
					"line": 51,
					"column": 17
				},
				"end": {
					"line": 51,
					"column": 28
				}
			},
			"4": {
				"start": {
					"line": 53,
					"column": 37
				},
				"end": {
					"line": 53,
					"column": 55
				}
			},
			"5": {
				"start": {
					"line": 54,
					"column": 35
				},
				"end": {
					"line": 54,
					"column": 53
				}
			},
			"6": {
				"start": {
					"line": 55,
					"column": 41
				},
				"end": {
					"line": 55,
					"column": 59
				}
			},
			"7": {
				"start": {
					"line": 57,
					"column": 1
				},
				"end": {
					"line": 150,
					"column": 3
				}
			},
			"8": {
				"start": {
					"line": 71,
					"column": 6
				},
				"end": {
					"line": 71,
					"column": 25
				}
			},
			"9": {
				"start": {
					"line": 72,
					"column": 6
				},
				"end": {
					"line": 72,
					"column": 33
				}
			},
			"10": {
				"start": {
					"line": 73,
					"column": 6
				},
				"end": {
					"line": 92,
					"column": 49
				}
			},
			"11": {
				"start": {
					"line": 82,
					"column": 8
				},
				"end": {
					"line": 86,
					"column": 9
				}
			},
			"12": {
				"start": {
					"line": 83,
					"column": 9
				},
				"end": {
					"line": 83,
					"column": 32
				}
			},
			"13": {
				"start": {
					"line": 85,
					"column": 9
				},
				"end": {
					"line": 85,
					"column": 41
				}
			},
			"14": {
				"start": {
					"line": 89,
					"column": 8
				},
				"end": {
					"line": 89,
					"column": 64
				}
			},
			"15": {
				"start": {
					"line": 90,
					"column": 8
				},
				"end": {
					"line": 90,
					"column": 26
				}
			},
			"16": {
				"start": {
					"line": 92,
					"column": 25
				},
				"end": {
					"line": 92,
					"column": 47
				}
			},
			"17": {
				"start": {
					"line": 104,
					"column": 23
				},
				"end": {
					"line": 104,
					"column": 51
				}
			},
			"18": {
				"start": {
					"line": 116,
					"column": 23
				},
				"end": {
					"line": 116,
					"column": 54
				}
			}
		},
		"fnMap": {
			"0": {
				"name": "Copyright",
				"decl": {
					"start": {
						"line": 17,
						"column": 9
					},
					"end": {
						"line": 17,
						"column": 18
					}
				},
				"loc": {
					"start": {
						"line": 17,
						"column": 21
					},
					"end": {
						"line": 28,
						"column": 1
					}
				},
				"line": 17
			},
			"1": {
				"name": "(anonymous_1)",
				"decl": {
					"start": {
						"line": 30,
						"column": 29
					},
					"end": {
						"line": 30,
						"column": 30
					}
				},
				"loc": {
					"start": {
						"line": 30,
						"column": 41
					},
					"end": {
						"line": 48,
						"column": 1
					}
				},
				"line": 30
			},
			"2": {
				"name": "LogIn",
				"decl": {
					"start": {
						"line": 50,
						"column": 24
					},
					"end": {
						"line": 50,
						"column": 29
					}
				},
				"loc": {
					"start": {
						"line": 50,
						"column": 47
					},
					"end": {
						"line": 151,
						"column": 1
					}
				},
				"line": 50
			},
			"3": {
				"name": "(anonymous_3)",
				"decl": {
					"start": {
						"line": 70,
						"column": 15
					},
					"end": {
						"line": 70,
						"column": 16
					}
				},
				"loc": {
					"start": {
						"line": 70,
						"column": 22
					},
					"end": {
						"line": 93,
						"column": 6
					}
				},
				"line": 70
			},
			"4": {
				"name": "(anonymous_4)",
				"decl": {
					"start": {
						"line": 81,
						"column": 13
					},
					"end": {
						"line": 81,
						"column": 14
					}
				},
				"loc": {
					"start": {
						"line": 81,
						"column": 27
					},
					"end": {
						"line": 87,
						"column": 8
					}
				},
				"line": 81
			},
			"5": {
				"name": "(anonymous_5)",
				"decl": {
					"start": {
						"line": 88,
						"column": 13
					},
					"end": {
						"line": 88,
						"column": 14
					}
				},
				"loc": {
					"start": {
						"line": 88,
						"column": 23
					},
					"end": {
						"line": 91,
						"column": 8
					}
				},
				"line": 88
			},
			"6": {
				"name": "(anonymous_6)",
				"decl": {
					"start": {
						"line": 92,
						"column": 14
					},
					"end": {
						"line": 92,
						"column": 15
					}
				},
				"loc": {
					"start": {
						"line": 92,
						"column": 25
					},
					"end": {
						"line": 92,
						"column": 47
					}
				},
				"line": 92
			},
			"7": {
				"name": "(anonymous_7)",
				"decl": {
					"start": {
						"line": 104,
						"column": 16
					},
					"end": {
						"line": 104,
						"column": 17
					}
				},
				"loc": {
					"start": {
						"line": 104,
						"column": 23
					},
					"end": {
						"line": 104,
						"column": 51
					}
				},
				"line": 104
			},
			"8": {
				"name": "(anonymous_8)",
				"decl": {
					"start": {
						"line": 116,
						"column": 16
					},
					"end": {
						"line": 116,
						"column": 17
					}
				},
				"loc": {
					"start": {
						"line": 116,
						"column": 23
					},
					"end": {
						"line": 116,
						"column": 54
					}
				},
				"line": 116
			}
		},
		"branchMap": {
			"0": {
				"loc": {
					"start": {
						"line": 82,
						"column": 8
					},
					"end": {
						"line": 86,
						"column": 9
					}
				},
				"type": "if",
				"locations": [
					{
						"start": {
							"line": 82,
							"column": 8
						},
						"end": {
							"line": 86,
							"column": 9
						}
					},
					{
						"start": {
							"line": 82,
							"column": 8
						},
						"end": {
							"line": 86,
							"column": 9
						}
					}
				],
				"line": 82
			},
			"1": {
				"loc": {
					"start": {
						"line": 119,
						"column": 7
					},
					"end": {
						"line": 121,
						"column": 11
					}
				},
				"type": "cond-expr",
				"locations": [
					{
						"start": {
							"line": 120,
							"column": 9
						},
						"end": {
							"line": 120,
							"column": 46
						}
					},
					{
						"start": {
							"line": 121,
							"column": 9
						},
						"end": {
							"line": 121,
							"column": 11
						}
					}
				],
				"line": 119
			}
		},
		"s": {
			"0": 0,
			"1": 3,
			"2": 0,
			"3": 0,
			"4": 0,
			"5": 0,
			"6": 0,
			"7": 0,
			"8": 0,
			"9": 0,
			"10": 0,
			"11": 0,
			"12": 0,
			"13": 0,
			"14": 0,
			"15": 0,
			"16": 0,
			"17": 0,
			"18": 0
		},
		"f": {
			"0": 0,
			"1": 0,
			"2": 0,
			"3": 0,
			"4": 0,
			"5": 0,
			"6": 0,
			"7": 0,
			"8": 0
		},
		"b": {
			"0": [0, 0],
			"1": [0, 0]
		},
		"_coverageSchema": "43e27e138ebf9cfc5966b082cf9a028302ed4184",
		"hash": "80083e6dfbda8180c7e6b35b7208b20c17958f2e"
	},
	"/Users/giovannaaveiro/FEWD/FAC/student-project/Bechdel-Beyond/src/components/Review/ReviewPage.js": {
		"path": "/Users/giovannaaveiro/FEWD/FAC/student-project/Bechdel-Beyond/src/components/Review/ReviewPage.js",
		"statementMap": {
			"0": {
				"start": {
					"line": 21,
					"column": 18
				},
				"end": {
					"line": 74,
					"column": 3
				}
			},
			"1": {
				"start": {
					"line": 21,
					"column": 41
				},
				"end": {
					"line": 74,
					"column": 1
				}
			},
			"2": {
				"start": {
					"line": 77,
					"column": 37
				},
				"end": {
					"line": 77,
					"column": 55
				}
			},
			"3": {
				"start": {
					"line": 79,
					"column": 21
				},
				"end": {
					"line": 79,
					"column": 75
				}
			},
			"4": {
				"start": {
					"line": 79,
					"column": 47
				},
				"end": {
					"line": 79,
					"column": 74
				}
			},
			"5": {
				"start": {
					"line": 81,
					"column": 15
				},
				"end": {
					"line": 84,
					"column": 2
				}
			},
			"6": {
				"start": {
					"line": 86,
					"column": 20
				},
				"end": {
					"line": 91,
					"column": 2
				}
			},
			"7": {
				"start": {
					"line": 87,
					"column": 2
				},
				"end": {
					"line": 89,
					"column": 3
				}
			},
			"8": {
				"start": {
					"line": 88,
					"column": 3
				},
				"end": {
					"line": 88,
					"column": 96
				}
			},
			"9": {
				"start": {
					"line": 90,
					"column": 2
				},
				"end": {
					"line": 90,
					"column": 16
				}
			},
			"10": {
				"start": {
					"line": 93,
					"column": 17
				},
				"end": {
					"line": 93,
					"column": 28
				}
			},
			"11": {
				"start": {
					"line": 94,
					"column": 15
				},
				"end": {
					"line": 94,
					"column": 25
				}
			},
			"12": {
				"start": {
					"line": 95,
					"column": 37
				},
				"end": {
					"line": 95,
					"column": 54
				}
			},
			"13": {
				"start": {
					"line": 96,
					"column": 32
				},
				"end": {
					"line": 96,
					"column": 50
				}
			},
			"14": {
				"start": {
					"line": 97,
					"column": 32
				},
				"end": {
					"line": 103,
					"column": 3
				}
			},
			"15": {
				"start": {
					"line": 105,
					"column": 20
				},
				"end": {
					"line": 108,
					"column": 2
				}
			},
			"16": {
				"start": {
					"line": 106,
					"column": 2
				},
				"end": {
					"line": 106,
					"column": 56
				}
			},
			"17": {
				"start": {
					"line": 106,
					"column": 36
				},
				"end": {
					"line": 106,
					"column": 54
				}
			},
			"18": {
				"start": {
					"line": 107,
					"column": 2
				},
				"end": {
					"line": 107,
					"column": 15
				}
			},
			"19": {
				"start": {
					"line": 110,
					"column": 20
				},
				"end": {
					"line": 113,
					"column": 2
				}
			},
			"20": {
				"start": {
					"line": 111,
					"column": 2
				},
				"end": {
					"line": 111,
					"column": 56
				}
			},
			"21": {
				"start": {
					"line": 111,
					"column": 36
				},
				"end": {
					"line": 111,
					"column": 54
				}
			},
			"22": {
				"start": {
					"line": 112,
					"column": 2
				},
				"end": {
					"line": 112,
					"column": 15
				}
			},
			"23": {
				"start": {
					"line": 115,
					"column": 22
				},
				"end": {
					"line": 115,
					"column": 24
				}
			},
			"24": {
				"start": {
					"line": 117,
					"column": 21
				},
				"end": {
					"line": 125,
					"column": 2
				}
			},
			"25": {
				"start": {
					"line": 118,
					"column": 24
				},
				"end": {
					"line": 118,
					"column": 36
				}
			},
			"26": {
				"start": {
					"line": 119,
					"column": 2
				},
				"end": {
					"line": 122,
					"column": 3
				}
			},
			"27": {
				"start": {
					"line": 120,
					"column": 3
				},
				"end": {
					"line": 120,
					"column": 19
				}
			},
			"28": {
				"start": {
					"line": 121,
					"column": 3
				},
				"end": {
					"line": 121,
					"column": 46
				}
			},
			"29": {
				"start": {
					"line": 124,
					"column": 2
				},
				"end": {
					"line": 124,
					"column": 45
				}
			},
			"30": {
				"start": {
					"line": 127,
					"column": 22
				},
				"end": {
					"line": 152,
					"column": 2
				}
			},
			"31": {
				"start": {
					"line": 128,
					"column": 2
				},
				"end": {
					"line": 128,
					"column": 25
				}
			},
			"32": {
				"start": {
					"line": 129,
					"column": 2
				},
				"end": {
					"line": 129,
					"column": 27
				}
			},
			"33": {
				"start": {
					"line": 130,
					"column": 2
				},
				"end": {
					"line": 151,
					"column": 6
				}
			},
			"34": {
				"start": {
					"line": 141,
					"column": 4
				},
				"end": {
					"line": 146,
					"column": 5
				}
			},
			"35": {
				"start": {
					"line": 142,
					"column": 5
				},
				"end": {
					"line": 142,
					"column": 30
				}
			},
			"36": {
				"start": {
					"line": 143,
					"column": 5
				},
				"end": {
					"line": 143,
					"column": 28
				}
			},
			"37": {
				"start": {
					"line": 145,
					"column": 5
				},
				"end": {
					"line": 145,
					"column": 46
				}
			},
			"38": {
				"start": {
					"line": 149,
					"column": 4
				},
				"end": {
					"line": 149,
					"column": 25
				}
			},
			"39": {
				"start": {
					"line": 150,
					"column": 4
				},
				"end": {
					"line": 150,
					"column": 21
				}
			},
			"40": {
				"start": {
					"line": 154,
					"column": 1
				},
				"end": {
					"line": 373,
					"column": 3
				}
			},
			"41": {
				"start": {
					"line": 169,
					"column": 7
				},
				"end": {
					"line": 169,
					"column": 26
				}
			},
			"42": {
				"start": {
					"line": 170,
					"column": 7
				},
				"end": {
					"line": 170,
					"column": 23
				}
			}
		},
		"fnMap": {
			"0": {
				"name": "(anonymous_0)",
				"decl": {
					"start": {
						"line": 21,
						"column": 29
					},
					"end": {
						"line": 21,
						"column": 30
					}
				},
				"loc": {
					"start": {
						"line": 21,
						"column": 41
					},
					"end": {
						"line": 74,
						"column": 1
					}
				},
				"line": 21
			},
			"1": {
				"name": "ReviewPage",
				"decl": {
					"start": {
						"line": 76,
						"column": 24
					},
					"end": {
						"line": 76,
						"column": 34
					}
				},
				"loc": {
					"start": {
						"line": 76,
						"column": 68
					},
					"end": {
						"line": 374,
						"column": 1
					}
				},
				"line": 76
			},
			"2": {
				"name": "(anonymous_2)",
				"decl": {
					"start": {
						"line": 79,
						"column": 37
					},
					"end": {
						"line": 79,
						"column": 38
					}
				},
				"loc": {
					"start": {
						"line": 79,
						"column": 47
					},
					"end": {
						"line": 79,
						"column": 74
					}
				},
				"line": 79
			},
			"3": {
				"name": "(anonymous_3)",
				"decl": {
					"start": {
						"line": 86,
						"column": 20
					},
					"end": {
						"line": 86,
						"column": 21
					}
				},
				"loc": {
					"start": {
						"line": 86,
						"column": 32
					},
					"end": {
						"line": 91,
						"column": 2
					}
				},
				"line": 86
			},
			"4": {
				"name": "(anonymous_4)",
				"decl": {
					"start": {
						"line": 105,
						"column": 20
					},
					"end": {
						"line": 105,
						"column": 21
					}
				},
				"loc": {
					"start": {
						"line": 105,
						"column": 26
					},
					"end": {
						"line": 108,
						"column": 2
					}
				},
				"line": 105
			},
			"5": {
				"name": "(anonymous_5)",
				"decl": {
					"start": {
						"line": 106,
						"column": 16
					},
					"end": {
						"line": 106,
						"column": 17
					}
				},
				"loc": {
					"start": {
						"line": 106,
						"column": 36
					},
					"end": {
						"line": 106,
						"column": 54
					}
				},
				"line": 106
			},
			"6": {
				"name": "(anonymous_6)",
				"decl": {
					"start": {
						"line": 110,
						"column": 20
					},
					"end": {
						"line": 110,
						"column": 21
					}
				},
				"loc": {
					"start": {
						"line": 110,
						"column": 26
					},
					"end": {
						"line": 113,
						"column": 2
					}
				},
				"line": 110
			},
			"7": {
				"name": "(anonymous_7)",
				"decl": {
					"start": {
						"line": 111,
						"column": 16
					},
					"end": {
						"line": 111,
						"column": 17
					}
				},
				"loc": {
					"start": {
						"line": 111,
						"column": 36
					},
					"end": {
						"line": 111,
						"column": 54
					}
				},
				"line": 111
			},
			"8": {
				"name": "(anonymous_8)",
				"decl": {
					"start": {
						"line": 117,
						"column": 21
					},
					"end": {
						"line": 117,
						"column": 22
					}
				},
				"loc": {
					"start": {
						"line": 117,
						"column": 32
					},
					"end": {
						"line": 125,
						"column": 2
					}
				},
				"line": 117
			},
			"9": {
				"name": "(anonymous_9)",
				"decl": {
					"start": {
						"line": 127,
						"column": 22
					},
					"end": {
						"line": 127,
						"column": 23
					}
				},
				"loc": {
					"start": {
						"line": 127,
						"column": 33
					},
					"end": {
						"line": 152,
						"column": 2
					}
				},
				"line": 127
			},
			"10": {
				"name": "(anonymous_10)",
				"decl": {
					"start": {
						"line": 140,
						"column": 9
					},
					"end": {
						"line": 140,
						"column": 10
					}
				},
				"loc": {
					"start": {
						"line": 140,
						"column": 23
					},
					"end": {
						"line": 147,
						"column": 4
					}
				},
				"line": 140
			},
			"11": {
				"name": "(anonymous_11)",
				"decl": {
					"start": {
						"line": 148,
						"column": 10
					},
					"end": {
						"line": 148,
						"column": 11
					}
				},
				"loc": {
					"start": {
						"line": 148,
						"column": 19
					},
					"end": {
						"line": 151,
						"column": 4
					}
				},
				"line": 148
			},
			"12": {
				"name": "(anonymous_12)",
				"decl": {
					"start": {
						"line": 168,
						"column": 16
					},
					"end": {
						"line": 168,
						"column": 17
					}
				},
				"loc": {
					"start": {
						"line": 168,
						"column": 23
					},
					"end": {
						"line": 171,
						"column": 7
					}
				},
				"line": 168
			}
		},
		"branchMap": {
			"0": {
				"loc": {
					"start": {
						"line": 87,
						"column": 2
					},
					"end": {
						"line": 89,
						"column": 3
					}
				},
				"type": "if",
				"locations": [
					{
						"start": {
							"line": 87,
							"column": 2
						},
						"end": {
							"line": 89,
							"column": 3
						}
					},
					{
						"start": {
							"line": 87,
							"column": 2
						},
						"end": {
							"line": 89,
							"column": 3
						}
					}
				],
				"line": 87
			},
			"1": {
				"loc": {
					"start": {
						"line": 119,
						"column": 2
					},
					"end": {
						"line": 122,
						"column": 3
					}
				},
				"type": "if",
				"locations": [
					{
						"start": {
							"line": 119,
							"column": 2
						},
						"end": {
							"line": 122,
							"column": 3
						}
					},
					{
						"start": {
							"line": 119,
							"column": 2
						},
						"end": {
							"line": 122,
							"column": 3
						}
					}
				],
				"line": 119
			},
			"2": {
				"loc": {
					"start": {
						"line": 121,
						"column": 11
					},
					"end": {
						"line": 121,
						"column": 45
					}
				},
				"type": "cond-expr",
				"locations": [
					{
						"start": {
							"line": 121,
							"column": 31
						},
						"end": {
							"line": 121,
							"column": 37
						}
					},
					{
						"start": {
							"line": 121,
							"column": 40
						},
						"end": {
							"line": 121,
							"column": 45
						}
					}
				],
				"line": 121
			},
			"3": {
				"loc": {
					"start": {
						"line": 141,
						"column": 4
					},
					"end": {
						"line": 146,
						"column": 5
					}
				},
				"type": "if",
				"locations": [
					{
						"start": {
							"line": 141,
							"column": 4
						},
						"end": {
							"line": 146,
							"column": 5
						}
					},
					{
						"start": {
							"line": 141,
							"column": 4
						},
						"end": {
							"line": 146,
							"column": 5
						}
					}
				],
				"line": 141
			},
			"4": {
				"loc": {
					"start": {
						"line": 156,
						"column": 4
					},
					"end": {
						"line": 371,
						"column": 4
					}
				},
				"type": "cond-expr",
				"locations": [
					{
						"start": {
							"line": 157,
							"column": 4
						},
						"end": {
							"line": 157,
							"column": 45
						}
					},
					{
						"start": {
							"line": 159,
							"column": 4
						},
						"end": {
							"line": 370,
							"column": 16
						}
					}
				],
				"line": 156
			},
			"5": {
				"loc": {
					"start": {
						"line": 174,
						"column": 8
					},
					"end": {
						"line": 183,
						"column": 8
					}
				},
				"type": "cond-expr",
				"locations": [
					{
						"start": {
							"line": 175,
							"column": 8
						},
						"end": {
							"line": 180,
							"column": 10
						}
					},
					{
						"start": {
							"line": 182,
							"column": 8
						},
						"end": {
							"line": 182,
							"column": 10
						}
					}
				],
				"line": 174
			},
			"6": {
				"loc": {
					"start": {
						"line": 186,
						"column": 9
					},
					"end": {
						"line": 194,
						"column": 68
					}
				},
				"type": "cond-expr",
				"locations": [
					{
						"start": {
							"line": 187,
							"column": 12
						},
						"end": {
							"line": 187,
							"column": 59
						}
					},
					{
						"start": {
							"line": 188,
							"column": 11
						},
						"end": {
							"line": 194,
							"column": 68
						}
					}
				],
				"line": 186
			},
			"7": {
				"loc": {
					"start": {
						"line": 188,
						"column": 11
					},
					"end": {
						"line": 194,
						"column": 68
					}
				},
				"type": "cond-expr",
				"locations": [
					{
						"start": {
							"line": 189,
							"column": 12
						},
						"end": {
							"line": 189,
							"column": 59
						}
					},
					{
						"start": {
							"line": 190,
							"column": 11
						},
						"end": {
							"line": 194,
							"column": 68
						}
					}
				],
				"line": 188
			},
			"8": {
				"loc": {
					"start": {
						"line": 190,
						"column": 11
					},
					"end": {
						"line": 194,
						"column": 68
					}
				},
				"type": "cond-expr",
				"locations": [
					{
						"start": {
							"line": 191,
							"column": 12
						},
						"end": {
							"line": 192,
							"column": 58
						}
					},
					{
						"start": {
							"line": 193,
							"column": 12
						},
						"end": {
							"line": 194,
							"column": 67
						}
					}
				],
				"line": 190
			},
			"9": {
				"loc": {
					"start": {
						"line": 196,
						"column": 8
					},
					"end": {
						"line": 331,
						"column": 8
					}
				},
				"type": "cond-expr",
				"locations": [
					{
						"start": {
							"line": 197,
							"column": 8
						},
						"end": {
							"line": 217,
							"column": 21
						}
					},
					{
						"start": {
							"line": 218,
							"column": 11
						},
						"end": {
							"line": 331,
							"column": 8
						}
					}
				],
				"line": 196
			},
			"10": {
				"loc": {
					"start": {
						"line": 218,
						"column": 11
					},
					"end": {
						"line": 331,
						"column": 8
					}
				},
				"type": "cond-expr",
				"locations": [
					{
						"start": {
							"line": 219,
							"column": 8
						},
						"end": {
							"line": 239,
							"column": 21
						}
					},
					{
						"start": {
							"line": 240,
							"column": 11
						},
						"end": {
							"line": 331,
							"column": 8
						}
					}
				],
				"line": 218
			},
			"11": {
				"loc": {
					"start": {
						"line": 240,
						"column": 11
					},
					"end": {
						"line": 331,
						"column": 8
					}
				},
				"type": "cond-expr",
				"locations": [
					{
						"start": {
							"line": 241,
							"column": 8
						},
						"end": {
							"line": 261,
							"column": 21
						}
					},
					{
						"start": {
							"line": 263,
							"column": 8
						},
						"end": {
							"line": 330,
							"column": 11
						}
					}
				],
				"line": 240
			},
			"12": {
				"loc": {
					"start": {
						"line": 347,
						"column": 10
					},
					"end": {
						"line": 351,
						"column": 10
					}
				},
				"type": "cond-expr",
				"locations": [
					{
						"start": {
							"line": 348,
							"column": 10
						},
						"end": {
							"line": 348,
							"column": 31
						}
					},
					{
						"start": {
							"line": 350,
							"column": 10
						},
						"end": {
							"line": 350,
							"column": 32
						}
					}
				],
				"line": 347
			},
			"13": {
				"loc": {
					"start": {
						"line": 360,
						"column": 10
					},
					"end": {
						"line": 364,
						"column": 10
					}
				},
				"type": "cond-expr",
				"locations": [
					{
						"start": {
							"line": 361,
							"column": 10
						},
						"end": {
							"line": 361,
							"column": 32
						}
					},
					{
						"start": {
							"line": 363,
							"column": 10
						},
						"end": {
							"line": 363,
							"column": 31
						}
					}
				],
				"line": 360
			}
		},
		"s": {
			"0": 3,
			"1": 0,
			"2": 0,
			"3": 0,
			"4": 0,
			"5": 0,
			"6": 0,
			"7": 0,
			"8": 0,
			"9": 0,
			"10": 0,
			"11": 0,
			"12": 0,
			"13": 0,
			"14": 0,
			"15": 0,
			"16": 0,
			"17": 0,
			"18": 0,
			"19": 0,
			"20": 0,
			"21": 0,
			"22": 0,
			"23": 0,
			"24": 0,
			"25": 0,
			"26": 0,
			"27": 0,
			"28": 0,
			"29": 0,
			"30": 0,
			"31": 0,
			"32": 0,
			"33": 0,
			"34": 0,
			"35": 0,
			"36": 0,
			"37": 0,
			"38": 0,
			"39": 0,
			"40": 0,
			"41": 0,
			"42": 0
		},
		"f": {
			"0": 0,
			"1": 0,
			"2": 0,
			"3": 0,
			"4": 0,
			"5": 0,
			"6": 0,
			"7": 0,
			"8": 0,
			"9": 0,
			"10": 0,
			"11": 0,
			"12": 0
		},
		"b": {
			"0": [0, 0],
			"1": [0, 0],
			"2": [0, 0],
			"3": [0, 0],
			"4": [0, 0],
			"5": [0, 0],
			"6": [0, 0],
			"7": [0, 0],
			"8": [0, 0],
			"9": [0, 0],
			"10": [0, 0],
			"11": [0, 0],
			"12": [0, 0],
			"13": [0, 0]
		},
		"_coverageSchema": "43e27e138ebf9cfc5966b082cf9a028302ed4184",
		"hash": "71cc5111bcd51edac5eb0ede81cf397a97a79fc1"
	},
	"/Users/giovannaaveiro/FEWD/FAC/student-project/Bechdel-Beyond/src/components/About/AboutPage.js": {
		"path": "/Users/giovannaaveiro/FEWD/FAC/student-project/Bechdel-Beyond/src/components/About/AboutPage.js",
		"statementMap": {
			"0": {
				"start": {
					"line": 10,
					"column": 18
				},
				"end": {
					"line": 53,
					"column": 3
				}
			},
			"1": {
				"start": {
					"line": 10,
					"column": 41
				},
				"end": {
					"line": 53,
					"column": 1
				}
			},
			"2": {
				"start": {
					"line": 56,
					"column": 17
				},
				"end": {
					"line": 56,
					"column": 28
				}
			},
			"3": {
				"start": {
					"line": 58,
					"column": 1
				},
				"end": {
					"line": 132,
					"column": 3
				}
			}
		},
		"fnMap": {
			"0": {
				"name": "(anonymous_0)",
				"decl": {
					"start": {
						"line": 10,
[...]
					"column": 12
				}
			},
			"11": {
				"start": {
					"line": 51,
					"column": 8
				},
				"end": {
					"line": 51,
					"column": 39
				}
			},
			"12": {
				"start": {
					"line": 58,
					"column": 2
				},
				"end": {
					"line": 98,
					"column": 7
				}
			},
			"13": {
				"start": {
					"line": 61,
					"column": 6
				},
				"end": {
					"line": 94,
					"column": 8
				}
			},
			"14": {
				"start": {
					"line": 62,
					"column": 33
				},
				"end": {
					"line": 62,
					"column": 56
				}
			},
			"15": {
				"start": {
					"line": 63,
					"column": 8
				},
				"end": {
					"line": 65,
					"column": 9
				}
			},
			"16": {
				"start": {
					"line": 64,
					"column": 10
				},
				"end": {
					"line": 64,
					"column": 17
				}
			},
			"17": {
				"start": {
					"line": 66,
					"column": 8
				},
				"end": {
					"line": 93,
					"column": 10
				}
			},
			"18": {
				"start": {
					"line": 67,
					"column": 10
				},
				"end": {
					"line": 92,
					"column": 11
				}
			},
			"19": {
				"start": {
					"line": 68,
					"column": 12
				},
				"end": {
					"line": 91,
					"column": 13
				}
			},
			"20": {
				"start": {
					"line": 72,
					"column": 14
				},
				"end": {
					"line": 75,
					"column": 16
				}
			},
			"21": {
				"start": {
					"line": 78,
					"column": 14
				},
				"end": {
					"line": 80,
					"column": 15
				}
			},
			"22": {
				"start": {
					"line": 79,
					"column": 16
				},
				"end": {
					"line": 79,
					"column": 46
				}
			},
			"23": {
				"start": {
					"line": 85,
					"column": 14
				},
				"end": {
					"line": 85,
					"column": 64
				}
			},
			"24": {
				"start": {
					"line": 88,
					"column": 14
				},
				"end": {
					"line": 90,
					"column": 15
				}
			},
			"25": {
				"start": {
					"line": 89,
					"column": 16
				},
				"end": {
					"line": 89,
					"column": 47
				}
			},
			"26": {
				"start": {
					"line": 97,
					"column": 6
				},
				"end": {
					"line": 97,
					"column": 72
				}
			},
			"27": {
				"start": {
					"line": 103,
					"column": 2
				},
				"end": {
					"line": 128,
					"column": 7
				}
			},
			"28": {
				"start": {
					"line": 108,
					"column": 26
				},
				"end": {
					"line": 108,
					"column": 62
				}
			},
			"29": {
				"start": {
					"line": 109,
					"column": 6
				},
				"end": {
					"line": 122,
					"column": 7
				}
			},
			"30": {
				"start": {
					"line": 114,
					"column": 8
				},
				"end": {
					"line": 118,
					"column": 11
				}
			},
			"31": {
				"start": {
					"line": 115,
					"column": 10
				},
				"end": {
					"line": 117,
					"column": 13
				}
			},
			"32": {
				"start": {
					"line": 116,
					"column": 12
				},
				"end": {
					"line": 116,
					"column": 37
				}
			},
			"33": {
				"start": {
					"line": 121,
					"column": 8
				},
				"end": {
					"line": 121,
					"column": 39
				}
			},
			"34": {
				"start": {
					"line": 125,
					"column": 6
				},
				"end": {
					"line": 127,
					"column": 8
				}
			},
			"35": {
				"start": {
					"line": 132,
					"column": 2
				},
				"end": {
					"line": 140,
					"column": 3
				}
			},
			"36": {
				"start": {
					"line": 133,
					"column": 4
				},
				"end": {
					"line": 139,
					"column": 9
				}
			},
			"37": {
				"start": {
					"line": 135,
					"column": 8
				},
				"end": {
					"line": 135,
					"column": 34
				}
			},
			"38": {
				"start": {
					"line": 138,
					"column": 8
				},
				"end": {
					"line": 138,
					"column": 37
				}
			}
		},
		"fnMap": {
			"0": {
				"name": "register",
				"decl": {
					"start": {
						"line": 23,
						"column": 16
					},
					"end": {
						"line": 23,
						"column": 24
					}
				},
				"loc": {
					"start": {
						"line": 23,
						"column": 33
					},
					"end": {
						"line": 55,
						"column": 1
					}
				},
				"line": 23
			},
			"1": {
				"name": "(anonymous_1)",
				"decl": {
					"start": {
						"line": 34,
						"column": 36
					},
					"end": {
						"line": 34,
						"column": 37
					}
				},
				"loc": {
					"start": {
						"line": 34,
						"column": 42
					},
					"end": {
						"line": 53,
						"column": 5
					}
				},
				"line": 34
			},
			"2": {
				"name": "(anonymous_2)",
				"decl": {
					"start": {
						"line": 43,
						"column": 43
					},
					"end": {
						"line": 43,
						"column": 44
					}
				},
				"loc": {
					"start": {
						"line": 43,
						"column": 49
					},
					"end": {
						"line": 48,
						"column": 9
					}
				},
				"line": 43
			},
			"3": {
				"name": "registerValidSW",
				"decl": {
					"start": {
						"line": 57,
						"column": 9
					},
					"end": {
						"line": 57,
						"column": 24
					}
				},
				"loc": {
					"start": {
						"line": 57,
						"column": 40
					},
					"end": {
						"line": 99,
						"column": 1
					}
				},
				"line": 57
			},
			"4": {
				"name": "(anonymous_4)",
				"decl": {
					"start": {
						"line": 60,
						"column": 10
					},
					"end": {
						"line": 60,
						"column": 11
					}
				},
				"loc": {
					"start": {
						"line": 60,
						"column": 26
					},
					"end": {
						"line": 95,
						"column": 5
					}
				},
				"line": 60
			},
			"5": {
				"name": "(anonymous_5)",
				"decl": {
					"start": {
						"line": 61,
						"column": 35
					},
					"end": {
						"line": 61,
						"column": 36
					}
				},
				"loc": {
					"start": {
						"line": 61,
						"column": 41
					},
					"end": {
						"line": 94,
						"column": 7
					}
				},
				"line": 61
			},
			"6": {
				"name": "(anonymous_6)",
				"decl": {
					"start": {
						"line": 66,
						"column": 41
					},
					"end": {
						"line": 66,
						"column": 42
					}
				},
				"loc": {
					"start": {
						"line": 66,
						"column": 47
					},
					"end": {
						"line": 93,
						"column": 9
					}
				},
				"line": 66
			},
			"7": {
				"name": "(anonymous_7)",
				"decl": {
					"start": {
						"line": 96,
						"column": 11
					},
					"end": {
						"line": 96,
						"column": 12
					}
				},
				"loc": {
					"start": {
						"line": 96,
						"column": 20
					},
					"end": {
						"line": 98,
						"column": 5
					}
				},
				"line": 96
			},
			"8": {
				"name": "checkValidServiceWorker",
				"decl": {
					"start": {
						"line": 101,
						"column": 9
					},
					"end": {
						"line": 101,
						"column": 32
					}
				},
				"loc": {
					"start": {
						"line": 101,
						"column": 48
					},
					"end": {
						"line": 129,
						"column": 1
					}
				},
				"line": 101
			},
			"9": {
				"name": "(anonymous_9)",
				"decl": {
					"start": {
						"line": 106,
						"column": 10
					},
					"end": {
						"line": 106,
						"column": 11
					}
				},
				"loc": {
					"start": {
						"line": 106,
						"column": 22
					},
					"end": {
						"line": 123,
						"column": 5
					}
				},
				"line": 106
			},
			"10": {
				"name": "(anonymous_10)",
				"decl": {
					"start": {
						"line": 114,
						"column": 43
					},
					"end": {
						"line": 114,
						"column": 44
					}
				},
				"loc": {
					"start": {
						"line": 114,
						"column": 59
					},
					"end": {
						"line": 118,
						"column": 9
					}
				},
				"line": 114
			},
			"11": {
				"name": "(anonymous_11)",
				"decl": {
					"start": {
						"line": 115,
						"column": 41
					},
					"end": {
						"line": 115,
						"column": 42
					}
				},
				"loc": {
					"start": {
						"line": 115,
						"column": 47
					},
					"end": {
						"line": 117,
						"column": 11
					}
				},
				"line": 115
			},
			"12": {
				"name": "(anonymous_12)",
				"decl": {
					"start": {
						"line": 124,
						"column": 11
					},
					"end": {
						"line": 124,
						"column": 12
					}
				},
				"loc": {
					"start": {
						"line": 124,
						"column": 17
					},
					"end": {
						"line": 128,
						"column": 5
					}
				},
				"line": 124
			},
			"13": {
				"name": "unregister",
				"decl": {
					"start": {
						"line": 131,
						"column": 16
					},
					"end": {
						"line": 131,
						"column": 26
					}
				},
				"loc": {
					"start": {
						"line": 131,
						"column": 29
					},
					"end": {
						"line": 141,
						"column": 1
					}
				},
				"line": 131
			},
			"14": {
				"name": "(anonymous_14)",
				"decl": {
					"start": {
						"line": 134,
						"column": 12
					},
					"end": {
						"line": 134,
						"column": 13
					}
				},
				"loc": {
					"start": {
						"line": 134,
						"column": 28
					},
					"end": {
						"line": 136,
						"column": 7
					}
				},
				"line": 134
			},
			"15": {
				"name": "(anonymous_15)",
				"decl": {
					"start": {
						"line": 137,
						"column": 13
					},
					"end": {
						"line": 137,
						"column": 14
					}
				},
				"loc": {
					"start": {
						"line": 137,
						"column": 22
					},
					"end": {
						"line": 139,
						"column": 7
					}
				},
				"line": 137
			}
		},
		"branchMap": {
			"0": {
				"loc": {
					"start": {
						"line": 14,
						"column": 2
					},
					"end": {
						"line": 20,
						"column": 5
					}
				},
				"type": "binary-expr",
				"locations": [
					{
						"start": {
							"line": 14,
							"column": 2
						},
						"end": {
							"line": 14,
							"column": 42
						}
					},
					{
						"start": {
							"line": 16,
							"column": 4
						},
						"end": {
							"line": 16,
							"column": 40
						}
					},
					{
						"start": {
							"line": 18,
							"column": 4
						},
						"end": {
							"line": 20,
							"column": 5
						}
					}
				],
				"line": 14
			},
			"1": {
				"loc": {
					"start": {
						"line": 24,
						"column": 2
					},
					"end": {
						"line": 54,
						"column": 3
					}
				},
				"type": "if",
				"locations": [
					{
						"start": {
							"line": 24,
							"column": 2
						},
						"end": {
							"line": 54,
							"column": 3
						}
					},
					{
						"start": {
							"line": 24,
							"column": 2
						},
						"end": {
							"line": 54,
							"column": 3
						}
					}
				],
				"line": 24
			},
			"2": {
				"loc": {
					"start": {
						"line": 24,
						"column": 6
					},
					"end": {
						"line": 24,
						"column": 75
					}
				},
				"type": "binary-expr",
				"locations": [
					{
						"start": {
							"line": 24,
							"column": 6
						},
						"end": {
							"line": 24,
							"column": 43
						}
					},
					{
						"start": {
							"line": 24,
							"column": 47
						},
						"end": {
							"line": 24,
							"column": 75
						}
					}
				],
				"line": 24
			},
			"3": {
				"loc": {
					"start": {
						"line": 27,
						"column": 4
					},
					"end": {
						"line": 32,
						"column": 5
					}
				},
				"type": "if",
				"locations": [
					{
						"start": {
							"line": 27,
							"column": 4
						},
						"end": {
							"line": 32,
							"column": 5
						}
					},
					{
						"start": {
							"line": 27,
							"column": 4
						},
						"end": {
							"line": 32,
							"column": 5
						}
					}
				],
				"line": 27
			},
			"4": {
				"loc": {
					"start": {
						"line": 37,
						"column": 6
					},
					"end": {
						"line": 52,
						"column": 7
					}
				},
				"type": "if",
				"locations": [
					{
						"start": {
							"line": 37,
							"column": 6
						},
						"end": {
							"line": 52,
							"column": 7
						}
					},
					{
						"start": {
							"line": 37,
							"column": 6
						},
						"end": {
							"line": 52,
							"column": 7
						}
					}
				],
				"line": 37
			},
			"5": {
				"loc": {
					"start": {
						"line": 63,
						"column": 8
					},
					"end": {
						"line": 65,
						"column": 9
					}
				},
				"type": "if",
				"locations": [
					{
						"start": {
							"line": 63,
							"column": 8
						},
						"end": {
							"line": 65,
							"column": 9
						}
					},
					{
						"start": {
							"line": 63,
							"column": 8
						},
						"end": {
							"line": 65,
							"column": 9
						}
					}
				],
				"line": 63
			},
			"6": {
				"loc": {
					"start": {
						"line": 67,
						"column": 10
					},
					"end": {
						"line": 92,
						"column": 11
					}
				},
				"type": "if",
				"locations": [
					{
						"start": {
							"line": 67,
							"column": 10
						},
						"end": {
							"line": 92,
							"column": 11
						}
					},
					{
						"start": {
							"line": 67,
							"column": 10
						},
						"end": {
							"line": 92,
							"column": 11
						}
					}
				],
				"line": 67
			},
			"7": {
				"loc": {
					"start": {
						"line": 68,
						"column": 12
					},
					"end": {
						"line": 91,
						"column": 13
					}
				},
				"type": "if",
				"locations": [
					{
						"start": {
							"line": 68,
							"column": 12
						},
						"end": {
							"line": 91,
							"column": 13
						}
					},
					{
						"start": {
							"line": 68,
							"column": 12
						},
						"end": {
							"line": 91,
							"column": 13
						}
					}
				],
				"line": 68
			},
			"8": {
				"loc": {
					"start": {
						"line": 78,
						"column": 14
					},
					"end": {
						"line": 80,
						"column": 15
					}
				},
				"type": "if",
				"locations": [
					{
						"start": {
							"line": 78,
							"column": 14
						},
						"end": {
							"line": 80,
							"column": 15
						}
					},
					{
						"start": {
							"line": 78,
							"column": 14
						},
						"end": {
							"line": 80,
							"column": 15
						}
					}
				],
				"line": 78
			},
			"9": {
				"loc": {
					"start": {
						"line": 78,
						"column": 18
					},
					"end": {
						"line": 78,
						"column": 43
					}
				},
				"type": "binary-expr",
				"locations": [
					{
						"start": {
							"line": 78,
							"column": 18
						},
						"end": {
							"line": 78,
							"column": 24
						}
					},
					{
						"start": {
							"line": 78,
							"column": 28
						},
						"end": {
							"line": 78,
							"column": 43
						}
					}
				],
				"line": 78
			},
			"10": {
				"loc": {
					"start": {
						"line": 88,
						"column": 14
					},
					"end": {
						"line": 90,
						"column": 15
					}
				},
				"type": "if",
				"locations": [
					{
						"start": {
							"line": 88,
							"column": 14
						},
						"end": {
							"line": 90,
							"column": 15
						}
					},
					{
						"start": {
							"line": 88,
							"column": 14
						},
						"end": {
							"line": 90,
							"column": 15
						}
					}
				],
				"line": 88
			},
			"11": {
				"loc": {
					"start": {
						"line": 88,
						"column": 18
					},
					"end": {
						"line": 88,
						"column": 44
					}
				},
				"type": "binary-expr",
				"locations": [
					{
						"start": {
							"line": 88,
							"column": 18
						},
						"end": {
							"line": 88,
							"column": 24
						}
					},
					{
						"start": {
							"line": 88,
							"column": 28
						},
						"end": {
							"line": 88,
							"column": 44
						}
					}
				],
				"line": 88
			},
			"12": {
				"loc": {
					"start": {
						"line": 109,
						"column": 6
					},
					"end": {
						"line": 122,
						"column": 7
					}
				},
				"type": "if",
				"locations": [
					{
						"start": {
							"line": 109,
							"column": 6
						},
						"end": {
							"line": 122,
							"column": 7
						}
					},
					{
						"start": {
							"line": 109,
							"column": 6
						},
						"end": {
							"line": 122,
							"column": 7
						}
					}
				],
				"line": 109
			},
			"13": {
				"loc": {
					"start": {
						"line": 110,
						"column": 8
					},
					"end": {
						"line": 111,
						"column": 73
					}
				},
				"type": "binary-expr",
				"locations": [
					{
						"start": {
							"line": 110,
							"column": 8
						},
						"end": {
							"line": 110,
							"column": 31
						}
					},
					{
						"start": {
							"line": 111,
							"column": 9
						},
						"end": {
							"line": 111,
							"column": 28
						}
					},
					{
						"start": {
							"line": 111,
							"column": 32
						},
						"end": {
							"line": 111,
							"column": 72
						}
					}
				],
				"line": 110
			},
			"14": {
				"loc": {
					"start": {
						"line": 132,
						"column": 2
					},
					"end": {
						"line": 140,
						"column": 3
					}
				},
				"type": "if",
				"locations": [
					{
						"start": {
							"line": 132,
							"column": 2
						},
						"end": {
							"line": 140,
							"column": 3
						}
					},
					{
						"start": {
							"line": 132,
							"column": 2
						},
						"end": {
							"line": 140,
							"column": 3
						}
					}
				],
				"line": 132
			}
		},
		"s": {
			"0": 3,
			"1": 0,
			"2": 0,
			"3": 0,
			"4": 0,
			"5": 0,
			"6": 0,
			"7": 0,
			"8": 0,
			"9": 0,
			"10": 0,
			"11": 0,
			"12": 0,
			"13": 0,
			"14": 0,
			"15": 0,
			"16": 0,
			"17": 0,
			"18": 0,
			"19": 0,
			"20": 0,
			"21": 0,
			"22": 0,
			"23": 0,
			"24": 0,
			"25": 0,
			"26": 0,
			"27": 0,
			"28": 0,
			"29": 0,
			"30": 0,
			"31": 0,
			"32": 0,
			"33": 0,
			"34": 0,
			"35": 3,
			"36": 3,
			"37": 0,
			"38": 0
		},
		"f": {
			"0": 0,
			"1": 0,
			"2": 0,
			"3": 0,
			"4": 0,
			"5": 0,
			"6": 0,
			"7": 0,
			"8": 0,
			"9": 0,
			"10": 0,
			"11": 0,
			"12": 0,
			"13": 3,
			"14": 0,
			"15": 0
		},
		"b": {
			"0": [3, 0, 0],
			"1": [0, 0],
			"2": [0, 0],
			"3": [0, 0],
			"4": [0, 0],
			"5": [0, 0],
			"6": [0, 0],
			"7": [0, 0],
			"8": [0, 0],
			"9": [0, 0],
			"10": [0, 0],
			"11": [0, 0],
			"12": [0, 0],
			"13": [0, 0, 0],
			"14": [3, 0]
		},
		"_coverageSchema": "43e27e138ebf9cfc5966b082cf9a028302ed4184",
		"hash": "0c0b771d820a146ced9d5416ddabce64926be30f"
	},
	"/Users/giovannaaveiro/FEWD/FAC/student-project/Bechdel-Beyond/src/index.js": {
		"path": "/Users/giovannaaveiro/FEWD/FAC/student-project/Bechdel-Beyond/src/index.js",
		"statementMap": {
			"0": {
				"start": {
					"line": 7,
					"column": 0
				},
				"end": {
					"line": 15,
					"column": 1
				}
			},
			"1": {
				"start": {
					"line": 8,
					"column": 1
				},
				"end": {
					"line": 12,
					"column": 4
				}
			},
			"2": {
				"start": {
					"line": 9,
					"column": 2
				},
				"end": {
					"line": 9,
					"column": 37
				}
			},
			"3": {
				"start": {
					"line": 10,
					"column": 1
				},
				"end": {
					"line": 10,
					"column": 59
				}
			},
			"4": {
				"start": {
					"line": 14,
					"column": 1
				},
				"end": {
					"line": 14,
					"column": 59
				}
			},
			"5": {
				"start": {
					"line": 17,
					"column": 0
				},
				"end": {
					"line": 17,
					"column": 27
				}
			}
		},
		"fnMap": {
			"0": {
				"name": "(anonymous_0)",
				"decl": {
					"start": {
						"line": 8,
						"column": 26
					},
					"end": {
						"line": 8,
						"column": 27
					}
				},
				"loc": {
					"start": {
						"line": 8,
						"column": 35
					},
					"end": {
						"line": 12,
						"column": 2
					}
				},
				"line": 8
			}
		},
		"branchMap": {
			"0": {
				"loc": {
					"start": {
						"line": 7,
						"column": 0
					},
					"end": {
						"line": 15,
						"column": 1
					}
				},
				"type": "if",
				"locations": [
					{
						"start": {
							"line": 7,
							"column": 0
						},
						"end": {
							"line": 15,
							"column": 1
						}
					},
					{
						"start": {
							"line": 7,
							"column": 0
						},
						"end": {
							"line": 15,
							"column": 1
						}
					}
				],
				"line": 7
			}
		},
		"s": {
			"0": 3,
			"1": 3,
			"2": 3,
			"3": 3,
			"4": 0,
			"5": 3
		},
		"f": {
			"0": 3
		},
		"b": {
			"0": [3, 0]
		},
		"_coverageSchema": "43e27e138ebf9cfc5966b082cf9a028302ed4184",
		"hash": "4620146084a1ae93af7f3fb27a2eb5ef72dce694"
	}
}
